29154.9629645434   -29154.9606382661
Total number of readers: 2
Number of data sets: 1
Bias options by reader: 0
Bias options by reader: 0
Sigma options by reader: 1
Sigma options by reader: -1
Total objective function: 29154.9629645434
maximum gradient: 0.0112581308775663
Number of readers:  2
Range of ages:  0  -  60
Reader # 1  Minus/Plus ages:  0  /  48
Number of data sets: 1
Number of lines of data per data set:  290
Number of data points per data set: 6339


# Bias options
#   -X: Mirrored with pattrn X
#   0: Unbiased [0 parameters]
#   1: Linearly proportional to age [1 parameter]
#   2: Michaelis-Menten [3 parameters]

# SD options
#   1: Constant CV [1 parameter]
#   2: SD Michaelis-Menten [3 parameters]
#   3: CV Michaelis-Menten [3 parameters]
#   4: Known perfectly [0 parameters]
#   5: SD spline function of age [variable parameters]
#   6: SD linear piecewise function of age [
      variable parameters
      ]
#   7: SD linear function of age [2 parameters]
#   8: CV linear function of age [2 parameters]
Reader BiasType SigmaType
1   0   1
2   0   -1

Reader Age CV SD Expected age
1   0   0.06063   0.06063   0.5
1   1   0.06063   0.06063   1.5
1   2   0.06063   0.12126   2.5
1   3   0.06063   0.1819   3.5
1   4   0.06063   0.24253   4.5
1   5   0.06063   0.30316   5.5
1   6   0.06063   0.36379   6.5
1   7   0.06063   0.42442   7.5
1   8   0.06063   0.48506   8.5
1   9   0.06063   0.54569   9.5
1   10   0.06063   0.60632   10.5
1   11   0.06063   0.66695   11.5
1   12   0.06063   0.72758   12.5
1   13   0.06063   0.78822   13.5
1   14   0.06063   0.84885   14.5
1   15   0.06063   0.90948   15.5
1   16   0.06063   0.97011   16.5
1   17   0.06063   1.03074   17.5
1   18   0.06063   1.09138   18.5
1   19   0.06063   1.15201   19.5
1   20   0.06063   1.21264   20.5
1   21   0.06063   1.27327   21.5
1   22   0.06063   1.3339   22.5
1   23   0.06063   1.39454   23.5
1   24   0.06063   1.45517   24.5
1   25   0.06063   1.5158   25.5
1   26   0.06063   1.57643   26.5
1   27   0.06063   1.63706   27.5
1   28   0.06063   1.6977   28.5
1   29   0.06063   1.75833   29.5
1   30   0.06063   1.81896   30.5
1   31   0.06063   1.87959   31.5
1   32   0.06063   1.94022   32.5
1   33   0.06063   2.00086   33.5
1   34   0.06063   2.06149   34.5
1   35   0.06063   2.12212   35.5
1   36   0.06063   2.18275   36.5
1   37   0.06063   2.24338   37.5
1   38   0.06063   2.30402   38.5
1   39   0.06063   2.36465   39.5
1   40   0.06063   2.42528   40.5
1   41   0.06063   2.48591   41.5
1   42   0.06063   2.54654   42.5
1   43   0.06063   2.60718   43.5
1   44   0.06063   2.66781   44.5
1   45   0.06063   2.72844   45.5
1   46   0.06063   2.78907   46.5
1   47   0.06063   2.8497   47.5
1   48   0.06063   2.91034   48.5
1   49   0.06063   2.97097   49.5
1   50   0.06063   3.0316   50.5
1   51   0.06063   3.09223   51.5
1   52   0.06063   3.15287   52.5
1   53   0.06063   3.2135   53.5
1   54   0.06063   3.27413   54.5
1   55   0.06063   3.33476   55.5
1   56   0.06063   3.39539   56.5
1   57   0.06063   3.45603   57.5
1   58   0.06063   3.51666   58.5
1   59   0.06063   3.57729   59.5
1   60   0.06063   3.63792   60.5
2   0   0.06063   0.06063   0.5
2   1   0.06063   0.06063   1.5
2   2   0.06063   0.12126   2.5
2   3   0.06063   0.1819   3.5
2   4   0.06063   0.24253   4.5
2   5   0.06063   0.30316   5.5
2   6   0.06063   0.36379   6.5
2   7   0.06063   0.42442   7.5
2   8   0.06063   0.48506   8.5
2   9   0.06063   0.54569   9.5
2   10   0.06063   0.60632   10.5
2   11   0.06063   0.66695   11.5
2   12   0.06063   0.72758   12.5
2   13   0.06063   0.78822   13.5
2   14   0.06063   0.84885   14.5
2   15   0.06063   0.90948   15.5
2   16   0.06063   0.97011   16.5
2   17   0.06063   1.03074   17.5
2   18   0.06063   1.09138   18.5
2   19   0.06063   1.15201   19.5
2   20   0.06063   1.21264   20.5
2   21   0.06063   1.27327   21.5
2   22   0.06063   1.3339   22.5
2   23   0.06063   1.39454   23.5
2   24   0.06063   1.45517   24.5
2   25   0.06063   1.5158   25.5
2   26   0.06063   1.57643   26.5
2   27   0.06063   1.63706   27.5
2   28   0.06063   1.6977   28.5
2   29   0.06063   1.75833   29.5
2   30   0.06063   1.81896   30.5
2   31   0.06063   1.87959   31.5
2   32   0.06063   1.94022   32.5
2   33   0.06063   2.00086   33.5
2   34   0.06063   2.06149   34.5
2   35   0.06063   2.12212   35.5
2   36   0.06063   2.18275   36.5
2   37   0.06063   2.24338   37.5
2   38   0.06063   2.30402   38.5
2   39   0.06063   2.36465   39.5
2   40   0.06063   2.42528   40.5
2   41   0.06063   2.48591   41.5
2   42   0.06063   2.54654   42.5
2   43   0.06063   2.60718   43.5
2   44   0.06063   2.66781   44.5
2   45   0.06063   2.72844   45.5
2   46   0.06063   2.78907   46.5
2   47   0.06063   2.8497   47.5
2   48   0.06063   2.91034   48.5
2   49   0.06063   2.97097   49.5
2   50   0.06063   3.0316   50.5
2   51   0.06063   3.09223   51.5
2   52   0.06063   3.15287   52.5
2   53   0.06063   3.2135   53.5
2   54   0.06063   3.27413   54.5
2   55   0.06063   3.33476   55.5
2   56   0.06063   3.39539   56.5
2   57   0.06063   3.45603   57.5
2   58   0.06063   3.51666   58.5
2   59   0.06063   3.57729   59.5
2   60   0.06063   3.63792   60.5

Estimated age-structure by data set
===================================
Age  Data set# 1
Age  0.000157757585930176
Age  0.000315518629769324
Age  0.00158022918509764
Age  0.00350328464542262
Age  0.00667103354728556
Age  0.010864410766132
Age  0.0185809313253875
Age  0.0283531727392522
Age  0.0497193726090271
Age  0.0781430403279478
Age  0.0965562500706379
Age  0.0922663351447868
Age  0.117612824284135
Age  0.0602764476217316
Age  0.0849886413324772
Age  0.0595986281838717
Age  0.049389498764304
Age  0.0254583995770442
Age  0.0511275241715011
Age  0.00915190736524513
Age  0.046570274186558
Age  0.00652634462731123
Age  0.0245031280386319
Age  0.0219274891207063
Age  0.00477500595678567
Age  0.0207875325268189
Age  3.0282283235808e-07
Age  3.96024195648373e-07
Age  0.0117663464055895
Age  0.00929806840140272
Age  2.29277008015705e-06
Age  0.00265730499489963
Age  0.00458611386805723
Age  1.24598733047019e-06
Age  1.56682099912227e-06
Age  8.05332442019246e-06
Age  0.00107120324294684
Age  1.25774457387695e-07
Age  0.00120167684497645
Age  1.61134246718863e-07
Age  6.41044451605846e-08
Age  3.09026870196114e-08
Age  1.58424981493766e-08
Age  1.09221402781588e-08
Age  9.13404048445295e-09
Age  8.41721535766251e-09
Age  8.13256242588971e-09
Age  8.02686583297376e-09
Age  3.2392006520455e-10
Age  3.17831740259122e-10
Age  3.11857850029609e-10
Age  3.05996243628153e-10
Age  3.00244810594474e-10
Age  2.94601480136006e-10
Age  2.89064220382309e-10
Age  2.83631037653498e-10
Age  2.78299975742427e-10
Age  2.73069115210355e-10
Age  2.67936572695857e-10
Age  2.62900500236725e-10
Age  2.57959084604612e-10

Final age-reading error matrices
Matrix for reader#  1
1 2.88658e-15 0 0 0 0 0 0 0 0 0 0 0 0 0 0 0 0 0 0 0 0 0 0 0 0 0 0 0 0 0 0 0 0 0 0 0 0 0 0 0 0 0 0 0 0 0 0 0 0 0 0 0 0 0 0 0 0 0 0 0
2.885073e-15 1 2.88658e-15 0 0 0 0 0 0 0 0 0 0 0 0 0 0 0 0 0 0 0 0 0 0 0 0 0 0 0 0 0 0 0 0 0 0 0 0 0 0 0 0 0 0 0 0 0 0 0 0 0 0 0 0 0 0 0 0 0 0
1.88023e-28 2.393459e-05 0.9999521 2.393459e-05 0 0 0 0 0 0 0 0 0 0 0 0 0 0 0 0 0 0 0 0 0 0 0 0 0 0 0 0 0 0 0 0 0 0 0 0 0 0 0 0 0 0 0 0 0 0 0 0 0 0 0 0 0 0 0 0 0
4.454386e-33 2.885073e-15 0.00315096 0.9936981 0.00315096 2.88658e-15 0 0 0 0 0 0 0 0 0 0 0 0 0 0 0 0 0 0 0 0 0 0 0 0 0 0 0 0 0 0 0 0 0 0 0 0 0 0 0 0 0 0 0 0 0 0 0 0 0 0 0 0 0 0 0
2.216871e-35 1.236511e-21 1.017696e-09 0.01997111 0.9600578 0.01997111 1.017696e-09 0 0 0 0 0 0 0 0 0 0 0 0 0 0 0 0 0 0 0 0 0 0 0 0 0 0 0 0 0 0 0 0 0 0 0 0 0 0 0 0 0 0 0 0 0 0 0 0 0 0 0 0 0 0
9.390402e-37 1.077894e-25 2.885073e-15 6.19336e-07 0.04992605 0.9001467 0.04992605 6.19336e-07 2.88658e-15 0 0 0 0 0 0 0 0 0 0 0 0 0 0 0 0 0 0 0 0 0 0 0 0 0 0 0 0 0 0 0 0 0 0 0 0 0 0 0 0 0 0 0 0 0 0 0 0 0 0 0 0
1.153888e-37 1.88023e-28 1.918124e-19 1.872877e-11 2.393457e-05 0.08496859 0.8300149 0.08496859 2.393457e-05 1.87288e-11 0 0 0 0 0 0 0 0 0 0 0 0 0 0 0 0 0 0 0 0 0 0 0 0 0 0 0 0 0 0 0 0 0 0 0 0 0 0 0 0 0 0 0 0 0 0 0 0 0 0 0
2.597298e-38 1.960607e-30 1.37192e-22 2.885073e-15 5.149387e-09 0.0002344919 0.1194219 0.7606872 0.1194219 0.0002344919 5.149387e-09 2.88658e-15 0 0 0 0 0 0 0 0 0 0 0 0 0 0 0 0 0 0 0 0 0 0 0 0 0 0 0 0 0 0 0 0 0 0 0 0 0 0 0 0 0 0 0 0 0 0 0 0 0
8.519492e-39 6.377683e-32 5.213099e-25 2.266264e-18 2.289185e-12 2.292623e-07 0.001077201 0.1504518 0.6969415 0.1504518 0.001077201 2.292623e-07 2.289169e-12 0 0 0 0 0 0 0 0 0 0 0 0 0 0 0 0 0 0 0 0 0 0 0 0 0 0 0 0 0 0 0 0 0 0 0 0 0 0 0 0 0 0 0 0 0 0 0 0
3.588412e-39 4.454382e-33 6.457084e-27 6.739333e-21 2.885066e-15 2.774716e-10 3.351563e-06 0.003147608 0.1767786 0.6401409 0.1767786 0.003147608 3.351563e-06 2.774716e-10 2.88658e-15 0 0 0 0 0 0 0 0 0 0 0 0 0 0 0 0 0 0 0 0 0 0 0 0 0 0 0 0 0 0 0 0 0 0 0 0 0 0 0 0 0 0 0 0 0 0
1.799536e-39 5.318904e-34 1.880225e-28 5.66318e-23 9.782332e-18 6.286973e-13 9.691942e-09 2.392489e-05 0.006895879 0.1979989 0.5901626 0.1979989 0.006895879 2.392489e-05 9.691942e-09 6.287193e-13 0 0 0 0 0 0 0 0 0 0 0 0 0 0 0 0 0 0 0 0 0 0 0 0 0 0 0 0 0 0 0 0 0 0 0 0 0 0 0 0 0 0 0 0 0
1.024169e-39 9.381972e-35 1.031784e-29 1.065038e-24 7.742405e-20 2.884996e-15 3.955054e-11 1.444105e-07 0.0001055036 0.01245266 0.2142715 0.5463405 0.2142715 0.01245266 0.0001055036 1.444105e-07 3.955059e-11 2.88658e-15 0 0 0 0 0 0 0 0 0 0 0 0 0 0 0 0 0 0 0 0 0 0 0 0 0 0 0 0 0 0 0 0 0 0 0 0 0 0 0 0 0 0 0
6.407685e-40 2.216807e-35 9.156807e-31 3.757389e-26 1.236474e-21 2.571256e-17 2.623224e-13 1.017433e-09 1.179514e-06 0.0003325382 0.0196374 0.2260906 0.5078765 0.2260906 0.0196374 0.0003325382 1.179514e-06 1.017433e-09 2.623457e-13 0 0 0 0 0 0 0 0 0 0 0 0 0 0 0 0 0 0 0 0 0 0 0 0 0 0 0 0 0 0 0 0 0 0 0 0 0 0 0 0 0 0
4.31118e-40 6.556545e-36 1.179233e-31 2.178794e-27 3.512451e-23 4.117059e-19 2.884661e-15 9.876264e-12 1.356267e-08 6.231385e-06 0.000823071 0.0280643 0.234104 0.4740047 0.234104 0.0280643 0.000823071 6.231385e-06 1.356267e-08 9.876211e-12 2.88658e-15 0 0 0 0 0 0 0 0 0 0 0 0 0 0 0 0 0 0 0 0 0 0 0 0 0 0 0 0 0 0 0 0 0 0 0 0 0 0 0 0
3.070784e-40 2.312586e-36 2.037107e-32 1.880027e-28 1.600863e-24 1.091126e-20 5.104907e-17 1.396422e-13 1.901218e-10 1.104332e-07 2.382396e-05 0.001703548 0.03726358 0.2389855 0.4440469 0.2389855 0.03726358 0.001703548 2.382396e-05 1.104332e-07 1.901219e-10 1.396661e-13 0 0 0 0 0 0 0 0 0 0 0 0 0 0 0 0 0 0 0 0 0 0 0 0 0 0 0 0 0 0 0 0 0 0 0 0 0 0 0
2.289172e-40 9.388113e-37 4.453447e-33 2.238237e-29 1.07767e-25 4.441796e-22 1.386869e-18 2.883686e-15 3.500911e-12 2.180621e-09 6.171519e-07 7.127746e-05 0.003079064 0.04677571 0.2413613 0.4174241 0.2413613 0.04677571 0.003079064 7.127746e-05 6.171519e-07 2.180621e-09 3.500866e-12 2.88658e-15 0 0 0 0 0 0 0 0 0 0 0 0 0 0 0 0 0 0 0 0 0 0 0 0 0 0 0 0 0 0 0 0 0 0 0 0 0
1.770737e-40 4.27134e-37 1.179099e-33 3.468926e-30 1.003053e-26 2.604077e-23 5.500536e-20 8.514834e-17 8.671378e-14 5.214206e-11 1.667587e-08 2.575087e-06 0.0001764459 0.005011754 0.05620767 0.2417767 0.3936497 0.2417767 0.05620767 0.005011754 0.0001764459 2.575087e-06 1.667587e-08 5.214207e-11 8.670842e-14 1.110223e-16 0 0 0 0 0 0 0 0 0 0 0 0 0 0 0 0 0 0 0 0 0 0 0 0 0 0 0 0 0 0 0 0 0 0 0
1.411979e-40 2.134185e-37 3.655168e-34 6.689112e-31 1.224414e-27 2.082557e-24 3.037308e-21 3.486665e-18 2.881583e-15 1.566184e-12 5.120129e-10 9.246819e-08 8.534801e-06 0.0003763858 0.007512641 0.06525641 0.2406872 0.3723174 0.2406872 0.06525641 0.007512641 0.0003763858 8.534801e-06 9.246819e-08 5.120129e-10 1.566192e-12 2.88658e-15 0 0 0 0 0 0 0 0 0 0 0 0 0 0 0 0 0 0 0 0 0 0 0 0 0 0 0 0 0 0 0 0 0 0
1.154755e-40 1.152733e-37 1.292186e-34 1.548557e-31 1.87868e-28 2.171415e-25 2.237872e-22 1.915884e-19 1.265079e-16 5.971041e-14 1.866893e-11 3.59051e-09 3.961325e-07 2.353484e-05 0.0007130654 0.01054547 0.07371006 0.2384632 0.3530885 0.2384632 0.07371006 0.01054547 0.0007130654 2.353484e-05 3.961325e-07 3.59051e-09 1.866896e-11 5.973e-14 1.110223e-16 0 0 0 0 0 0 0 0 0 0 0 0 0 0 0 0 0 0 0 0 0 0 0 0 0 0 0 0 0 0 0 0
9.647055e-41 6.64739e-38 5.102151e-35 4.183233e-32 3.500778e-29 2.842876e-26 2.120023e-23 1.368492e-20 7.185373e-18 2.877874e-15 8.239552e-13 1.581478e-10 1.912931e-08 1.37638e-06 5.592789e-05 0.001227504 0.0140379 0.08143709 0.2354002 0.33568 0.2354002 0.08143709 0.0140379 0.001227504 5.592789e-05 1.37638e-06 1.912931e-08 1.581477e-10 8.240075e-13 2.88658e-15 0 0 0 0 0 0 0 0 0 0 0 0 0 0 0 0 0 0 0 0 0 0 0 0 0 0 0 0 0 0 0
8.206344e-41 4.052125e-38 2.212811e-35 1.288732e-32 7.703425e-30 4.529487e-27 2.501081e-24 1.234006e-21 5.161897e-19 1.733513e-16 4.421073e-14 8.099705e-12 1.009552e-09 8.127525e-08 4.027708e-06 0.0001176865 0.001954099 0.01789522 0.08837059 0.2317309 0.3198548 0.2317309 0.08837059 0.01789522 0.001954099 0.0001176865 4.027708e-06 8.127525e-08 1.009552e-09 8.099632e-12 4.418688e-14 2.220446e-16 0 0 0 0 0 0 0 0 0 0 0 0 0 0 0 0 0 0 0 0 0 0 0 0 0 0 0 0 0
7.089702e-41 2.590209e-38 1.039988e-35 4.44396e-33 1.956153e-30 8.555966e-28 3.575253e-25 1.368337e-22 4.587081e-20 1.28565e-17 2.872171e-15 4.873847e-13 5.989379e-11 5.089006e-09 2.861376e-07 1.022472e-05 0.0002239811 0.002916463 0.0220133 0.09449213 0.2276369 0.3054135 0.2276369 0.09449213 0.0220133 0.002916463 0.0002239811 1.022472e-05 2.861376e-07 5.089006e-09 5.989376e-11 4.873879e-13 2.88658e-15 0 0 0 0 0 0 0 0 0 0 0 0 0 0 0 0 0 0 0 0 0 0 0 0 0 0 0 0
6.207383e-41 1.72487e-38 5.238449e-36 1.689169e-33 5.623887e-31 1.874589e-28 6.049349e-26 1.823008e-23 4.937994e-21 1.155153e-18 2.239542e-16 3.450877e-14 4.052971e-12 3.482063e-10 2.1034e-08 8.606658e-07 2.305253e-05 0.0003920706 0.00412535 0.02628882 0.09981748 0.2232586 0.2921875 0.2232586 0.09981748 0.02628882 0.00412535 0.0003920706 2.305253e-05 8.606658e-07 2.1034e-08 3.482064e-10 4.05298e-12 3.452794e-14 2.220446e-16 0 0 0 0 0 0 0 0 0 0 0 0 0 0 0 0 0 0 0 0 0 0 0 0 0 0
5.498336e-41 1.190135e-38 2.802214e-36 6.987982e-34 1.801679e-31 4.676809e-29 1.187496e-26 2.859285e-24 6.317335e-22 1.237311e-19 2.072926e-17 2.864219e-15 3.146229e-13 2.649161e-11 1.65014e-09 7.349333e-08 2.266942e-06 4.7037e-05 0.0006397481 0.005578575 0.03062638 0.104385 0.2187041 0.2800336 0.2187041 0.104385 0.03062638 0.005578575 0.0006397481 4.7037e-05 2.266942e-06 7.349333e-08 1.65014e-09 2.649159e-11 3.146372e-13 2.88658e-15 0 0 0 0 0 0 0 0 0 0 0 0 0 0 0 0 0 0 0 0 0 0 0 0 0
4.919978e-41 8.470292e-39 1.579868e-36 3.113121e-34 6.346394e-32 1.308035e-29 2.658384e-27 5.186384e-25 9.440154e-23 1.555815e-20 2.250612e-18 2.767939e-16 2.802156e-14 2.260887e-12 1.408295e-10 6.566509e-09 2.225549e-07 5.334455e-06 8.819343e-05 0.0009836734 0.007262463 0.03494276 0.1082466 0.214056 0.2688296 0.214056 0.1082466 0.03494276 0.007262463 0.0009836734 8.819343e-05 5.334455e-06 2.225549e-07 6.566509e-09 1.408296e-10 2.260858e-12 2.797762e-14 3.330669e-16 0 0 0 0 0 0 0 0 0 0 0 0 0 0 0 0 0 0 0 0 0 0 0
4.441942e-41 6.194721e-39 9.328011e-37 1.480225e-34 2.430448e-32 4.047129e-30 6.68735e-28 1.071165e-25 1.622442e-23 2.263859e-21 2.831999e-19 3.088496e-17 2.853903e-15 2.171317e-13 1.322019e-11 6.264322e-10 2.24881e-08 5.962081e-07 1.14001e-05 0.0001538569 0.001437892 0.009154193 0.0391687 0.1114613 0.2093767 0.2584707 0.2093767 0.1114613 0.0391687 0.009154193 0.001437892 0.0001538569 1.14001e-05 5.962081e-07 2.24881e-08 6.264322e-10 1.32202e-11 2.171596e-13 2.88658e-15 0 0 0 0 0 0 0 0 0 0 0 0 0 0 0 0 0 0 0 0 0 0
4.04214e-41 4.640668e-39 5.7367e-37 7.455247e-35 1.002285e-32 1.369627e-30 1.866433e-28 2.485046e-26 3.163182e-24 3.762181e-22 4.082396e-20 3.943193e-18 3.305984e-16 2.345385e-14 1.372563e-12 6.461541e-11 2.387732e-09 6.764907e-08 1.437177e-06 2.242731e-05 0.0002523101 0.002012747 0.01122451 0.04324923 0.1140907 0.2047133 0.2488666 0.2047133 0.1140907 0.04324923 0.01122451 0.002012747 0.0002523101 2.242731e-05 1.437177e-06 6.764907e-08 2.387732e-09 6.461542e-11 1.372569e-12 2.342571e-14 3.330669e-16 0 0 0 0 0 0 0 0 0 0 0 0 0 0 0 0 0 0 0 0
3.704214e-41 3.55137e-39 3.658019e-37 3.951841e-35 4.414498e-33 5.020525e-31 5.716219e-29 6.399419e-27 6.910888e-25 7.055608e-23 6.668086e-21 5.707884e-19 4.327714e-17 2.841218e-15 1.578762e-13 7.258646e-12 2.700551e-10 7.956578e-09 1.818456e-07 3.161761e-06 4.107572e-05 0.0003922679 0.002714265 0.01344036 0.04714271 0.1161955 0.2001009 0.2399392 0.2001009 0.1161955 0.04714271 0.01344036 0.002714265 0.0003922679 4.107572e-05 3.161761e-06 1.818456e-07 7.956578e-09 2.700551e-10 7.258638e-12 1.578737e-13 2.88658e-15 0 0 0 0 0 0 0 0 0 0 0 0 0 0 0 0 0 0 0
3.415855e-41 2.76987e-39 2.408981e-37 2.192501e-35 2.06204e-33 1.976658e-31 1.902783e-29 1.810325e-27 1.673737e-25 1.477199e-23 1.22157e-21 9.284007e-20 6.3572e-18 3.843461e-16 2.010177e-14 8.911134e-13 3.281285e-11 9.839713e-10 2.3575e-08 4.431397e-07 6.424189e-06 7.070069e-05 0.0005822991 0.003544009 0.01576721 0.05081948 0.1178341 0.195565 0.2316206 0.195565 0.1178341 0.05081948 0.01576721 0.003544009 0.0005822991 7.070069e-05 6.424189e-06 4.431397e-07 2.3575e-08 9.839713e-10 3.281286e-11 8.91065e-13 2.009504e-14 4.440892e-16 0 0 0 0 0 0 0 0 0 0 0 0 0 0 0 0 0
3.167665e-41 2.19737e-39 1.632881e-37 1.26711e-35 1.015302e-33 8.298128e-32 6.827058e-30 5.574627e-28 4.450458e-26 3.419203e-24 2.486469e-22 1.68233e-20 1.040439e-18 5.776146e-17 2.826254e-15 1.196564e-13 4.303802e-12 1.291572e-10 3.177549e-09 6.301039e-08 9.910133e-07 1.217688e-05 0.0001152755 0.0008302654 0.004499312 0.01817093 0.05426009 0.1190609 0.1911242 0.2238515 0.1911242 0.1190609 0.05426009 0.01817093 0.004499312 0.0008302654 0.0001152755 1.217688e-05 9.910133e-07 6.301039e-08 3.177549e-09 1.291572e-10 4.30378e-12 1.19682e-13 2.775558e-15 1.110223e-16 0 0 0 0 0 0 0 0 0 0 0 0 0 0 0
2.952371e-41 1.770012e-39 1.135893e-37 7.596801e-36 5.2418e-34 3.690924e-32 2.621051e-30 1.853645e-28 1.288175e-26 8.673425e-25 5.575158e-23 3.369029e-21 1.883868e-19 9.590576e-18 4.372423e-16 1.755732e-14 6.107028e-13 1.810006e-11 4.497644e-10 9.224077e-09 1.537952e-07 2.055093e-06 2.171601e-05 0.0001792427 0.001142844 0.005573793 0.02061915 0.05745356 0.1199262 0.1867913 0.21658 0.1867913 0.1199262 0.05745356 0.02061915 0.005573793 0.001142844 0.0001792427 2.171601e-05 2.055093e-06 1.537952e-07 9.224077e-09 4.497643e-10 1.810008e-11 6.107337e-13 1.754152e-14 4.440892e-16 0 0 0 0 0 0 0 0 0 0 0 0 0 0
2.764277e-41 1.445526e-39 8.088639e-38 4.707915e-36 2.82457e-34 1.729751e-32 1.069883e-30 6.608583e-29 4.028082e-27 2.392331e-25 1.36626e-23 7.40044e-22 3.748162e-20 1.749351e-18 7.412666e-17 2.809159e-15 9.37829e-14 2.716976e-12 6.73001e-11 1.40478e-09 2.436453e-08 3.464318e-07 3.987075e-06 3.670317e-05 0.0002673125 0.00152517 0.006758029 0.02308224 0.06039574 0.1204754 0.1825749 0.2097603 0.1825749 0.1204754 0.06039574 0.02308224 0.006758029 0.00152517 0.0002673125 3.670317e-05 3.987075e-06 3.464318e-07 2.436453e-08 1.40478e-09 6.730005e-11 2.716938e-12 9.381385e-14 2.775558e-15 1.110223e-16 0 0 0 0 0 0 0 0 0 0 0 0
2.598874e-41 1.195315e-39 5.88305e-38 3.006379e-36 1.582189e-34 8.499789e-33 4.617088e-31 2.510353e-29 1.351564e-27 7.124412e-26 3.633393e-24 1.770741e-22 8.141772e-21 3.485705e-19 1.370992e-17 4.886884e-16 1.557113e-14 4.374594e-13 1.068984e-11 2.241829e-10 3.982525e-09 5.917812e-08 7.267352e-07 7.29224e-06 5.915745e-05 0.0003842323 0.001980627 0.008040305 0.02553386 0.0630878 0.1207495 0.1784803 0.2033522 0.1784803 0.1207495 0.0630878 0.02553386 0.008040305 0.001980627 0.0003842323 5.915745e-05 7.29224e-06 7.267352e-07 5.917812e-08 3.982525e-09 2.241828e-10 1.068989e-11 4.374279e-13 1.554312e-14 5.551115e-16 0 0 0 0 0 0 0 0 0 0 0
2.452552e-41 9.996437e-40 4.361846e-38 1.972778e-36 9.180333e-35 4.360565e-33 2.096087e-31 1.010387e-29 4.83692e-28 2.276231e-26 1.041792e-24 4.585851e-23 1.919189e-21 7.5459e-20 2.753701e-18 9.212191e-17 2.79012e-15 7.5553e-14 1.806445e-12 3.766854e-11 6.767886e-10 1.035457e-08 1.333792e-07 1.430945e-06 1.265635e-05 9.141626e-05 0.0005345523 0.00251076 0.009407348 0.02795119 0.06553499 0.1207853 0.1745103 0.1973198 0.1745103 0.1207853 0.06553499 0.02795119 0.009407348 0.00251076 0.0005345523 9.141626e-05 1.265635e-05 1.430945e-06 1.333792e-07 1.035457e-08 6.767885e-10 3.766853e-11 1.806444e-12 7.560619e-14 2.775558e-15 1.110223e-16 0 0 0 0 0 0 0 0 0
2.322397e-41 8.446455e-40 3.291029e-38 1.327016e-36 5.500379e-35 2.326687e-33 9.966494e-32 4.28761e-30 1.836334e-28 7.757862e-27 3.201733e-25 1.277915e-23 4.881513e-22 1.765488e-20 5.979149e-19 1.874969e-17 5.382487e-16 1.398388e-14 3.250507e-13 6.683601e-12 1.202081e-10 1.870489e-09 2.491448e-08 2.811775e-07 2.662645e-06 2.096385e-05 0.0001360681 0.0007224091 0.003115324 0.01084501 0.03031503 0.06774553 0.1206152 0.1706658 0.1916315 0.1706658 0.1206152 0.06774553 0.03031503 0.01084501 0.003115324 0.0007224091 0.0001360681 2.096385e-05 2.662645e-06 2.811775e-07 2.491448e-08 1.870489e-09 1.202082e-10 6.683543e-12 3.250733e-13 1.398881e-14 5.551115e-16 0 0 0 0 0 0 0 0
2.206034e-41 7.204118e-40 2.523051e-38 9.130672e-37 3.39357e-35 1.286857e-33 4.943829e-32 1.909847e-30 7.360141e-29 2.806027e-27 1.049078e-25 3.811216e-24 1.33273e-22 4.442179e-21 1.397224e-19 4.104905e-18 1.114788e-16 2.769345e-15 6.227129e-14 1.254209e-12 2.239306e-11 3.50821e-10 4.774857e-09 5.591798e-08 5.582687e-07 4.71e-06 3.330427e-05 0.0001958635 0.0009513448 0.003792411 0.01233883 0.03260958 0.06972972 0.120268 0.1669462 0.1862588 0.1669462 0.120268 0.06972972 0.03260958 0.01233883 0.003792411 0.0009513448 0.0001958635 3.330427e-05 4.71e-06 5.582687e-07 5.591798e-08 4.774857e-09 3.508209e-10 2.239309e-11 1.254219e-12 6.228351e-14 2.775558e-15 1.110223e-16 0 0 0 0 0 0
2.101512e-41 6.197534e-40 1.962759e-38 6.413996e-37 2.150705e-35 7.355589e-34 2.549485e-32 8.894503e-31 3.100905e-29 1.072136e-27 3.647074e-26 1.210498e-24 3.886539e-23 1.196398e-21 3.498883e-20 9.63084e-19 2.471448e-17 5.856204e-16 1.268992e-14 2.490468e-13 4.384395e-12 6.858432e-11 9.444647e-10 1.134642e-08 1.178815e-07 1.050286e-06 7.96151e-06 5.096494e-05 0.0002736118 0.001224171 0.004538656 0.01387457 0.0348223 0.07149926 0.1197691 0.16335 0.1811766 0.16335 0.1197691 0.07149926 0.0348223 0.01387457 0.004538656 0.001224171 0.0002736118 5.096494e-05 7.96151e-06 1.050286e-06 1.178815e-07 1.134642e-08 9.444647e-10 6.858436e-11 4.384382e-12 2.49023e-13 1.265654e-14 6.661338e-16 0 0 0 0 0
2.007217e-41 5.373798e-40 1.547505e-38 4.592136e-37 1.397045e-35 4.33348e-34 1.362542e-32 4.315644e-31 1.367931e-29 4.309185e-28 1.339321e-26 4.076093e-25 1.2052e-23 3.434017e-22 9.350753e-21 2.412566e-19 5.846818e-18 1.319277e-16 2.747048e-15 5.231633e-14 9.032082e-13 1.401169e-11 1.936314e-10 2.363494e-09 2.527222e-08 2.348486e-07 1.882287e-06 1.291843e-05 7.541003e-05 0.0003720742 0.00154288 0.005349471 0.01543853 0.03694351 0.07306666 0.1191408 0.1598746 0.176362 0.1598746 0.1191408 0.07306666 0.03694351 0.01543853 0.005349471 0.00154288 0.0003720742 7.541003e-05 1.291843e-05 1.882287e-06 2.348486e-07 2.527222e-08 2.363494e-09 1.936313e-10 1.401168e-11 9.032775e-13 5.22915e-14 2.775558e-15 1.110223e-16 0 0 0
1.921805e-41 4.693465e-40 1.235251e-38 3.345802e-37 9.283075e-36 2.625108e-34 7.525527e-33 2.174642e-31 6.296303e-30 1.815015e-28 5.174761e-27 1.449144e-25 3.957526e-24 1.04617e-22 2.656607e-21 6.429815e-20 1.471456e-18 3.158297e-17 6.30607e-16 1.161689e-14 1.958268e-13 2.996059e-12 4.126767e-11 5.076876e-10 5.53525e-09 5.308376e-08 4.445519e-07 3.228609e-06 2.020225e-05 0.000108247 0.0004938596 0.001908611 0.006219307 0.01701786 0.03896615 0.07444482 0.1184027 0.1565172 0.1717946 0.1565172 0.1184027 0.07444482 0.03896615 0.01701786 0.006219307 0.001908611 0.0004938596 0.000108247 2.020225e-05 3.228609e-06 4.445519e-07 5.308376e-08 5.53525e-09 5.076876e-10 4.126766e-11 2.996159e-12 1.957323e-13 1.165734e-14 6.661338e-16 0 0
1.844147e-41 4.126766e-40 9.972834e-39 2.477383e-37 6.298834e-36 1.631601e-34 4.284669e-33 1.134755e-31 3.014207e-30 7.983834e-29 2.095941e-27 5.419069e-26 1.370853e-24 3.369946e-23 7.994242e-22 1.816907e-20 3.927375e-19 8.013942e-18 1.532094e-16 2.723438e-15 4.467159e-14 6.710044e-13 9.160588e-12 1.12822e-10 1.244419e-09 1.220543e-08 1.057215e-07 8.033859e-07 5.322277e-06 3.055602e-05 0.0001511833 0.0006413317 0.002321644 0.007141905 0.01860075 0.04088539 0.07564668 0.117572 0.1532743 0.1674561 0.1532743 0.117572 0.07564668 0.04088539 0.01860075 0.007141905 0.002321644 0.0006413317 0.0001511833 3.055602e-05 5.322277e-06 8.033859e-07 1.057215e-07 1.220543e-08 1.244419e-09 1.12822e-10 9.160561e-12 6.710188e-13 4.463097e-14 2.775558e-15 1.110223e-16
1.77329e-41 3.650977e-40 8.136661e-39 1.86192e-37 4.357391e-36 1.038475e-34 2.509013e-33 6.115943e-32 1.496504e-30 3.65623e-29 8.86971e-28 2.124129e-26 4.991436e-25 1.143747e-23 2.539209e-22 5.42577e-21 1.108372e-19 2.149736e-18 3.931276e-17 6.730953e-16 1.071385e-14 1.574246e-13 2.120334e-12 2.599675e-11 2.88165e-10 2.868522e-09 2.547631e-08 2.006033e-07 1.391988e-06 8.463069e-06 4.483903e-05 0.0002059758 0.0008165314 0.002781452 0.008110537 0.02017652 0.04269833 0.07668498 0.1166635 0.1501424 0.1633297 0.1501424 0.1166635 0.07668498 0.04269833 0.02017652 0.008110537 0.002781452 0.0008165314 0.0002059758 4.483903e-05 8.463069e-06 1.391988e-06 2.006033e-07 2.547631e-08 2.868522e-09 2.881649e-10 2.599676e-11 2.120304e-12 1.574296e-13 1.14353e-14
1.708427e-41 3.248572e-40 6.703473e-39 1.41881e-37 3.068811e-36 6.756677e-35 1.507998e-33 3.396673e-32 7.685409e-31 1.738254e-29 3.909901e-28 8.699667e-27 1.904198e-25 4.0766e-24 8.485692e-23 1.707013e-21 3.297937e-20 6.080627e-19 1.06306e-17 1.750825e-16 2.698717e-15 3.867667e-14 5.120029e-13 6.220166e-12 6.890437e-11 6.916142e-10 6.251345e-09 5.057924e-08 3.642073e-07 2.321109e-06 1.302342e-05 6.401481e-05 0.0002743783 0.001021117 0.003286756 0.009118226 0.0217357 0.04440367 0.07757212 0.1156904 0.1471177 0.1594004 0.1471177 0.1156904 0.07757212 0.04440367 0.0217357 0.009118226 0.003286756 0.001021117 0.0002743783 6.401481e-05 1.302342e-05 2.321109e-06 3.642073e-07 5.057925e-08 6.251345e-09 6.916142e-10 6.890444e-11 6.220136e-12 5.535572e-13
1.648867e-41 2.905897e-40 5.572806e-39 1.095089e-37 2.197504e-36 4.486822e-35 9.285444e-34 1.939766e-32 4.072973e-31 8.557122e-30 1.790382e-28 3.712156e-27 7.588332e-26 1.521268e-24 2.974618e-23 5.64137e-22 1.031737e-20 1.808996e-19 3.022745e-18 4.784542e-17 7.130368e-16 9.944037e-15 1.289851e-13 1.546683e-12 1.704239e-11 1.715328e-10 1.567903e-09 1.294129e-08 9.592397e-08 6.351259e-07 3.73738e-06 1.945146e-05 8.913326e-05 0.0003580875 0.001256327 0.003835622 0.01015793 0.02327002 0.04600147 0.07831996 0.1146641 0.1441962 0.1556545 0.1441962 0.1146641 0.07831996 0.04600147 0.02327002 0.01015793 0.003835622 0.001256327 0.0003580875 8.913326e-05 1.945146e-05 3.73738e-06 6.351259e-07 9.592397e-08 1.294129e-08 1.567903e-09 1.715328e-10 1.87288e-11
1.594019e-41 2.61222e-40 4.671876e-39 8.553495e-38 1.598072e-36 3.036616e-35 5.847553e-34 1.13687e-32 2.222666e-31 4.351632e-30 8.494732e-29 1.645854e-27 3.150107e-26 5.92689e-25 1.090698e-23 1.95301e-22 3.384681e-21 5.646598e-20 9.01806e-19 1.371088e-17 1.973276e-16 2.673073e-15 3.388904e-14 3.998192e-13 4.364861e-12 4.384831e-11 4.03109e-10 3.373182e-09 2.555797e-08 1.744517e-07 1.067487e-06 5.828527e-06 2.827078e-05 0.0001213077 0.0004586943 0.001522957 0.004425553 0.01122271 0.02477239 0.04749288 0.0789398 0.1135944 0.1413742 0.1520795 0.1413742 0.1135944 0.0789398 0.04749288 0.02477239 0.01122271 0.004425553 0.001522957 0.0004586943 0.0001213077 2.827078e-05 5.828527e-06 1.067487e-06 1.744517e-07 2.555797e-08 3.373182e-09 4.517587e-10
1.543373e-41 2.35903e-40 3.947307e-39 6.755387e-38 1.178985e-36 2.091798e-35 3.760517e-34 6.826119e-33 1.246523e-31 2.281129e-30 4.166482e-29 7.563658e-28 1.358748e-26 2.404504e-25 4.172186e-24 7.064268e-23 1.161442e-21 1.844884e-20 2.816804e-19 4.11246e-18 5.711107e-17 7.504322e-16 9.280364e-15 1.074413e-13 1.158324e-12 1.156804e-11 1.064655e-10 8.983864e-10 6.916061e-09 4.833819e-08 3.052964e-07 1.734584e-06 8.827595e-06 4.007671e-05 0.0001616888 0.000577639 0.001821358 0.005053592 0.01230584 0.02623681 0.04887992 0.07944233 0.11249 0.1386478 0.1486641 0.1386478 0.11249 0.07944233 0.04887992 0.02623681 0.01230584 0.005053592 0.001821358 0.000577639 0.0001616888 4.007671e-05 8.827595e-06 1.734584e-06 3.052964e-07 4.833819e-08 7.933757e-09
1.496487e-41 2.139523e-40 3.359495e-39 5.390696e-38 8.815448e-37 1.464915e-35 2.46612e-34 4.192185e-33 7.171475e-32 1.230166e-30 2.108049e-29 3.594732e-28 6.075228e-27 1.013323e-25 1.660896e-24 2.663255e-23 4.158862e-22 6.295052e-21 9.192207e-20 1.288652e-18 1.725918e-17 2.197494e-16 2.646677e-15 3.000397e-14 3.185694e-13 3.152337e-12 2.892956e-11 2.450412e-10 1.90665e-09 1.356541e-08 8.785713e-08 5.157294e-07 2.732505e-06 1.301581e-05 5.552915e-05 0.0002114359 0.0007161753 0.002151452 0.005716431 0.01340091 0.02765836 0.0501653 0.07983756 0.1113584 0.1360131 0.1453979 0.1360131 0.1113584 0.07983756 0.0501653 0.02765836 0.01340091 0.005716431 0.002151452 0.0007161753 0.0002114359 5.552915e-05 1.301581e-05 2.732505e-06 5.157294e-07 1.036067e-07
1.452978e-41 1.94822e-40 2.878738e-39 4.343417e-38 6.674538e-37 1.041832e-35 1.647093e-34 2.629499e-33 4.225556e-32 6.812507e-31 1.098079e-29 1.763159e-28 2.80963e-27 4.426046e-26 6.865105e-25 1.044112e-23 1.550502e-22 2.2384e-21 3.127663e-20 4.210789e-19 5.437337e-18 6.703257e-17 7.853189e-16 8.702488e-15 9.079352e-14 8.87697e-13 8.096045e-12 6.856496e-11 5.367929e-10 3.867939e-09 2.554239e-08 1.539389e-07 8.433332e-07 4.183544e-06 1.872375e-05 7.534237e-05 0.0002716889 0.0008753418 0.002512752 0.006410505 0.01450194 0.02903306 0.05135225 0.08013486 0.1102061 0.1334666 0.1422713 0.1334666 0.1102061 0.08013486 0.05135225 0.02903306 0.01450194 0.006410505 0.002512752 0.0008753418 0.0002716889 7.534237e-05 1.872375e-05 4.183544e-06 1.027297e-06
1.412511e-41 1.780675e-40 2.482531e-39 3.531341e-38 5.113142e-37 7.516993e-36 1.119053e-34 1.682236e-33 2.546071e-32 3.867746e-31 5.878223e-30 8.907862e-29 1.34129e-27 1.999507e-26 2.940028e-25 4.247551e-24 6.005782e-23 8.277315e-22 1.107406e-20 1.432186e-19 1.782862e-18 2.127114e-17 2.421771e-16 2.619687e-15 2.680656e-14 2.583528e-13 2.33497e-12 1.970506e-11 1.546178e-10 1.123351e-09 7.526142e-09 4.631313e-08 2.607579e-07 1.338318e-06 6.23914e-06 2.633068e-05 0.0001002723 0.00034354 0.001055942 0.002904401 0.007132084 0.01560335 0.0303578 0.05244439 0.08034293 0.1090387 0.1310045 0.1392757 0.1310045 0.1090387 0.08034293 0.05244439 0.0303578 0.01560335 0.007132084 0.002904401 0.001055942 0.00034354 0.0001002723 2.633068e-05 7.893356e-06
1.374791e-41 1.633258e-40 2.153661e-39 2.895489e-38 3.960254e-37 5.497406e-36 7.725831e-35 1.096343e-33 1.56663e-32 2.247774e-31 3.228482e-30 4.627461e-29 6.597403e-28 9.324514e-27 1.301943e-25 1.789431e-24 2.412114e-23 3.176911e-22 4.072548e-21 5.061512e-20 6.074631e-19 7.011909e-18 7.752897e-17 8.177614e-16 8.194864e-15 7.770116e-14 6.942372e-13 5.821293e-12 4.562653e-11 3.329524e-10 2.253334e-09 1.408959e-08 8.109518e-08 4.281169e-07 2.065875e-06 9.082136e-06 3.6262e-05 0.0001311018 0.000428009 0.001258536 0.003325209 0.007877357 0.01670006 0.03163025 0.05344561 0.08046987 0.1078612 0.1286234 0.136403 0.1286234 0.1078612 0.08046987 0.05344561 0.03163025 0.01670006 0.007877357 0.003325209 0.001258536 0.000428009 0.0001311018 4.793595e-05
1.339561e-41 1.502984e-40 1.878842e-39 2.393045e-38 3.099075e-37 4.071706e-36 5.414687e-35 7.270412e-34 9.831439e-33 1.335301e-31 1.81646e-30 2.467676e-29 3.33771e-28 4.480672e-27 5.950638e-26 7.792181e-25 1.002628e-23 1.263222e-22 1.552811e-21 1.855529e-20 2.147394e-19 2.397807e-18 2.573483e-17 2.644639e-16 2.592242e-15 2.414194e-14 2.128054e-13 1.76865e-12 1.380697e-11 1.008603e-10 6.869139e-10 4.345801e-09 2.544989e-08 1.374856e-07 6.828714e-07 3.108436e-06 1.292817e-05 4.898475e-05 0.0001686248 0.00052602 0.001483433 0.003773701 0.008642501 0.01778748 0.03284878 0.05435997 0.08052315 0.1066777 0.1263199 0.1336459 0.1263199 0.1066777 0.08052315 0.05435997 0.03284878 0.01778748 0.008642501 0.003773701 0.001483433 0.00052602 0.0002344971
1.306593e-41 1.387385e-40 1.647731e-39 1.99259e-38 2.448747e-37 3.051877e-36 3.84894e-35 4.900843e-34 6.2851e-33 8.097916e-32 1.045478e-30 1.348812e-29 1.734016e-28 2.214859e-27 2.802304e-26 3.501113e-25 4.305533e-24 5.194592e-23 6.128043e-22 7.044523e-21 7.863739e-20 8.494176e-19 8.84662e-18 8.851832e-17 8.478428e-16 7.745438e-15 6.724302e-14 5.527725e-13 4.287271e-12 3.126104e-11 2.135438e-10 1.361855e-09 8.080995e-09 4.446887e-08 2.262106e-07 1.060453e-06 4.567712e-06 1.802605e-05 6.500157e-05 0.0002136302 0.0006383835 0.001730699 0.004248165 0.009423747 0.01886151 0.03401236 0.05519163 0.08050966 0.1054918 0.1240908 0.1309975 0.1240908 0.1054918 0.08050966 0.05519163 0.03401236 0.01886151 0.009423747 0.004248165 0.001730699 0.0009409499
1.275685e-41 1.284411e-40 1.452213e-39 1.670825e-38 1.95258e-37 2.313251e-36 2.772588e-35 3.354777e-34 4.088655e-33 5.007416e-32 6.147484e-31 7.546108e-30 9.237195e-29 1.124496e-27 1.357521e-26 1.620466e-25 1.906935e-24 2.205467e-23 2.499018e-22 2.765352e-21 2.978705e-20 3.112885e-19 3.145589e-18 3.063196e-17 2.864849e-16 2.564467e-15 2.18964e-14 1.777229e-13 1.366565e-12 9.921242e-12 6.777974e-11 4.34312e-10 2.601762e-09 1.452525e-08 7.534117e-08 3.619894e-07 1.606429e-06 6.566383e-06 2.465707e-05 8.484319e-05 0.0002668856 0.0007657816 0.002000165 0.004746694 0.01021743 0.01991851 0.03512047 0.05594478 0.08043576 0.1043067 0.121933 0.1284515 0.121933 0.1043067 0.08043576 0.05594478 0.03512047 0.01991851 0.01021743 0.004746694 0.00315096
1.246659e-41 1.192344e-40 1.285872e-39 1.410303e-38 1.570353e-37 1.771989e-36 2.022417e-35 2.329976e-34 2.703875e-33 3.153684e-32 3.688483e-31 4.315558e-30 5.038586e-29 5.855283e-28 6.75466e-27 7.714176e-26 8.697356e-25 9.652659e-24 1.051454e-22 1.120759e-21 1.165426e-20 1.17858e-19 1.155494e-18 1.094786e-17 9.991989e-17 8.756596e-16 7.344728e-15 5.877189e-14 4.472164e-13 3.225736e-12 2.19849e-11 1.411377e-10 8.508331e-10 4.801904e-09 2.529681e-08 1.24037e-07 5.644923e-07 2.378033e-06 9.24932e-06 3.313322e-05 0.0001090598 0.0003291223 0.0009087573 0.002291444 0.005267238 0.01102001 0.02095534 0.03617306 0.05662359 0.08030729 0.103125 0.1198434 0.1260023 0.1198434 0.103125 0.08030729 0.05662359 0.03617306 0.02095534 0.01102001 0.008951102
1.219353e-41 1.109744e-40 1.143597e-39 1.197841e-38 1.273199e-37 1.370945e-36 1.492752e-35 1.640502e-34 1.816048e-33 2.020878e-32 2.255684e-31 2.519812e-30 2.810606e-29 3.122688e-28 3.447265e-27 3.771609e-26 4.07889e-25 4.348592e-24 4.557719e-23 4.682894e-22 4.703293e-21 4.604084e-20 4.379788e-19 4.03675e-18 3.593919e-17 3.081362e-16 2.536472e-15 1.998498e-14 1.502586e-13 1.074776e-12 7.291725e-12 4.678214e-11 2.830016e-10 1.60953e-09 8.581812e-09 4.277852e-08 1.988245e-07 8.593685e-07 3.445587e-06 1.278425e-05 4.379431e-05 0.0001382118 0.0004010212 0.001067709 0.002603947 0.005807639 0.01182816 0.02196927 0.03717047 0.05723217 0.08012962 0.1019492 0.1178193 0.1236443 0.1178193 0.1019492 0.08012962 0.05723217 0.03717047 0.02196927 0.02190782
1.193626e-41 1.035392e-40 1.021292e-39 1.023386e-38 1.040182e-37 1.070676e-36 1.114164e-35 1.170063e-34 1.23774e-33 1.31633e-32 1.404546e-31 1.500474e-30 1.601378e-29 1.703538e-28 1.802142e-27 1.891309e-26 1.964262e-25 2.013724e-24 2.032534e-23 2.014481e-22 1.955257e-21 1.853397e-20 1.710992e-19 1.533976e-18 1.331817e-17 1.116558e-16 9.01316e-16 6.985188e-15 5.182391e-14 3.670141e-13 2.473957e-12 1.582796e-11 9.58434e-11 5.477748e-10 2.946892e-09 1.488309e-08 7.0382e-08 3.108674e-07 1.279307e-06 4.893734e-06 1.73618e-05 5.700421e-05 0.00017286 0.0004832011 0.001242888 0.002936905 0.006365679 0.01263871 0.02295801 0.03811334 0.05777455 0.07990765 0.100781 0.115858 0.1213726 0.115858 0.100781 0.07990765 0.05777455 0.03811334 0.04687919
1.16935e-41 9.68256e-41 9.156501e-40 8.792112e-39 8.55961e-38 8.436278e-37 8.404067e-36 8.447764e-35 8.553546e-34 8.707794e-33 8.896114e-32 9.102553e-31 9.309057e-30 9.495241e-29 9.638566e-28 9.715042e-27 9.700519e-26 9.572587e-25 9.312993e-24 8.910324e-23 8.362564e-22 7.679019e-21 6.881036e-20 6.001098e-19 5.080084e-18 4.162933e-17 3.293322e-16 2.508354e-15 1.834322e-14 1.284424e-13 8.588282e-13 5.468845e-12 3.307608e-11 1.895021e-10 1.025806e-09 5.233099e-09 2.509633e-08 1.128658e-07 4.748859e-07 1.865088e-06 6.822421e-06 2.319491e-05 7.314624e-05 0.0002135563 0.0005762081 0.001434399 0.00328939 0.006939107 0.01344872 0.02391964 0.03900259 0.05825462 0.0796459 0.09962225 0.1139567 0.1191825 0.1139567 0.09962225 0.0796459 0.05825462 0.08892925
1.146411e-41 9.074547e-41 8.239873e-40 7.593295e-39 7.091883e-38 6.703328e-37 6.402682e-36 6.170062e-35 5.989019e-34 5.845369e-33 5.726371e-32 5.620168e-31 5.515475e-30 5.401484e-29 5.267987e-28 5.105701e-27 4.906788e-26 4.665494e-25 4.378853e-24 4.047321e-23 3.675204e-22 3.270735e-21 2.845682e-20 2.414443e-19 1.99268e-18 1.595652e-17 1.236521e-16 9.249208e-16 6.660738e-15 4.606062e-14 3.050736e-13 1.930326e-12 1.163858e-11 6.669865e-11 3.6241e-10 1.862456e-09 9.030916e-09 4.1221e-08 1.767071e-07 7.098659e-07 2.666587e-06 9.347568e-06 3.051755e-05 9.261789e-05 0.0002608339 0.0006805079 0.001642204 0.003660343 0.007525677 0.01425549 0.02485259 0.03983935 0.05867617 0.07934848 0.09847426 0.1121131 0.1170698 0.1121131 0.09847426 0.07934848 0.1515292
1.124705e-41 8.52235e-41 7.44111e-40 6.590672e-39 5.913912e-38 5.368878e-37 4.924216e-36 4.556041e-35 4.245787e-34 3.978719e-33 3.742903e-32 3.528514e-31 3.327388e-30 3.132754e-29 2.939121e-28 2.74226e-27 2.539259e-26 2.328608e-25 2.110273e-24 1.885709e-23 1.657778e-22 1.430532e-21 1.208861e-20 9.980132e-20 8.030427e-19 6.282529e-18 4.767239e-17 3.50004e-16 2.480198e-15 1.692151e-14 1.108831e-13 6.961506e-13 4.17731e-12 2.39001e-11 1.300704e-10 6.717587e-10 3.284754e-09 1.51728e-08 6.606084e-08 2.70524e-07 1.039795e-06 3.74367e-06 1.260137e-05 3.958284e-05 0.0001158251 0.0003151988 0.00079648 0.001866133 0.004048592 0.008123171 0.01505652 0.02575563 0.04062494 0.05904282 0.07901916 0.09733823 0.1103248 0.1150304 0.1103248 0.09733823 0.2348218
1.104138e-41 8.019498e-41 6.742207e-40 5.747502e-39 4.961897e-38 4.332615e-37 3.821214e-36 3.399298e-35 3.045613e-34 2.744048e-33 2.482259e-32 2.250725e-31 2.042078e-30 1.850662e-29 1.672214e-28 1.503653e-27 1.34293e-26 1.1889e-25 1.041211e-24 9.001797e-24 7.666444e-23 6.417902e-22 5.26952e-21 4.234075e-20 3.321803e-19 2.53878e-18 1.885869e-17 1.358397e-16 9.465847e-16 6.366433e-15 4.1231e-14 2.565262e-13 1.529727e-12 8.72313e-12 4.745892e-11 2.457957e-10 1.20915e-09 5.637568e-09 2.485907e-08 1.034565e-07 4.05541e-07 1.4944e-06 5.16696e-06 1.673222e-05 5.066063e-05 0.0001431765 0.0003771219 0.0009244138 0.002105886 0.004452879 0.008729422 0.01584957 0.02662781 0.0413608 0.05935803 0.07866138 0.09621514 0.1085894 0.1130607 0.1085894 0.3348802
1.084628e-41 7.560408e-41 6.128299e-40 5.034704e-39 4.187398e-38 3.52146e-37 2.990583e-36 2.561325e-35 2.209251e-34 1.916317e-33 1.669081e-32 1.457459e-31 1.273857e-30 1.112561e-29 9.692945e-29 8.408993e-28 7.250941e-27 6.20286e-26 5.254142e-25 4.398152e-24 3.630998e-23 2.950403e-22 2.354689e-21 1.8419e-20 1.409129e-19 1.05208e-18 7.649139e-18 5.40366e-17 3.700972e-16 2.452076e-15 1.56812e-14 9.658055e-14 5.716194e-13 3.24398e-12 1.761401e-11 9.130871e-11 4.509392e-10 2.117229e-09 9.431302e-09 3.977944e-08 1.58555e-07 5.960889e-07 2.109861e-06 7.018409e-06 2.190419e-05 6.403453e-05 0.000175077 0.0004470321 0.001064507 0.002361048 0.004871877 0.009342335 0.01663259 0.02746846 0.0420485 0.05962514 0.07827829 0.0951058 0.106905 0.111157 0.4444215
1.066096e-41 7.140248e-41 5.587051e-40 4.429108e-39 3.553344e-38 2.881675e-37 2.359473e-36 1.948047e-35 1.619669e-34 1.354254e-33 1.13711e-32 9.573954e-32 8.070538e-31 6.800631e-30 5.719038e-29 4.79175e-28 3.993122e-27 3.30376e-26 2.708902e-25 2.197153e-24 1.759488e-23 1.388455e-22 1.077565e-21 8.208325e-21 6.124718e-20 4.467342e-19 3.178674e-18 2.201769e-17 1.481549e-16 9.664177e-16 6.098211e-15 3.71461e-14 2.179635e-13 1.229432e-12 6.65231e-12 3.44582e-11 1.705221e-10 8.045714e-10 3.61233e-09 1.540312e-08 6.22598e-08 2.381136e-07 8.601252e-07 2.929469e-06 9.391662e-06 2.829619e-05 7.999862e-05 0.0002119223 0.0005253104 0.001216866 0.002631102 0.005304215 0.009959902 0.01740379 0.02827713 0.04268967 0.05984729 0.07787275 0.09401087 0.1052693 0.5546581
Matrix for reader#  2
1 2.88658e-15 0 0 0 0 0 0 0 0 0 0 0 0 0 0 0 0 0 0 0 0 0 0 0 0 0 0 0 0 0 0 0 0 0 0 0 0 0 0 0 0 0 0 0 0 0 0 0 0 0 0 0 0 0 0 0 0 0 0 0
2.885073e-15 1 2.88658e-15 0 0 0 0 0 0 0 0 0 0 0 0 0 0 0 0 0 0 0 0 0 0 0 0 0 0 0 0 0 0 0 0 0 0 0 0 0 0 0 0 0 0 0 0 0 0 0 0 0 0 0 0 0 0 0 0 0 0
1.88023e-28 2.393459e-05 0.9999521 2.393459e-05 0 0 0 0 0 0 0 0 0 0 0 0 0 0 0 0 0 0 0 0 0 0 0 0 0 0 0 0 0 0 0 0 0 0 0 0 0 0 0 0 0 0 0 0 0 0 0 0 0 0 0 0 0 0 0 0 0
4.454386e-33 2.885073e-15 0.00315096 0.9936981 0.00315096 2.88658e-15 0 0 0 0 0 0 0 0 0 0 0 0 0 0 0 0 0 0 0 0 0 0 0 0 0 0 0 0 0 0 0 0 0 0 0 0 0 0 0 0 0 0 0 0 0 0 0 0 0 0 0 0 0 0 0
2.216871e-35 1.236511e-21 1.017696e-09 0.01997111 0.9600578 0.01997111 1.017696e-09 0 0 0 0 0 0 0 0 0 0 0 0 0 0 0 0 0 0 0 0 0 0 0 0 0 0 0 0 0 0 0 0 0 0 0 0 0 0 0 0 0 0 0 0 0 0 0 0 0 0 0 0 0 0
9.390402e-37 1.077894e-25 2.885073e-15 6.19336e-07 0.04992605 0.9001467 0.04992605 6.19336e-07 2.88658e-15 0 0 0 0 0 0 0 0 0 0 0 0 0 0 0 0 0 0 0 0 0 0 0 0 0 0 0 0 0 0 0 0 0 0 0 0 0 0 0 0 0 0 0 0 0 0 0 0 0 0 0 0
1.153888e-37 1.88023e-28 1.918124e-19 1.872877e-11 2.393457e-05 0.08496859 0.8300149 0.08496859 2.393457e-05 1.87288e-11 0 0 0 0 0 0 0 0 0 0 0 0 0 0 0 0 0 0 0 0 0 0 0 0 0 0 0 0 0 0 0 0 0 0 0 0 0 0 0 0 0 0 0 0 0 0 0 0 0 0 0
2.597298e-38 1.960607e-30 1.37192e-22 2.885073e-15 5.149387e-09 0.0002344919 0.1194219 0.7606872 0.1194219 0.0002344919 5.149387e-09 2.88658e-15 0 0 0 0 0 0 0 0 0 0 0 0 0 0 0 0 0 0 0 0 0 0 0 0 0 0 0 0 0 0 0 0 0 0 0 0 0 0 0 0 0 0 0 0 0 0 0 0 0
8.519492e-39 6.377683e-32 5.213099e-25 2.266264e-18 2.289185e-12 2.292623e-07 0.001077201 0.1504518 0.6969415 0.1504518 0.001077201 2.292623e-07 2.289169e-12 0 0 0 0 0 0 0 0 0 0 0 0 0 0 0 0 0 0 0 0 0 0 0 0 0 0 0 0 0 0 0 0 0 0 0 0 0 0 0 0 0 0 0 0 0 0 0 0
3.588412e-39 4.454382e-33 6.457084e-27 6.739333e-21 2.885066e-15 2.774716e-10 3.351563e-06 0.003147608 0.1767786 0.6401409 0.1767786 0.003147608 3.351563e-06 2.774716e-10 2.88658e-15 0 0 0 0 0 0 0 0 0 0 0 0 0 0 0 0 0 0 0 0 0 0 0 0 0 0 0 0 0 0 0 0 0 0 0 0 0 0 0 0 0 0 0 0 0 0
1.799536e-39 5.318904e-34 1.880225e-28 5.66318e-23 9.782332e-18 6.286973e-13 9.691942e-09 2.392489e-05 0.006895879 0.1979989 0.5901626 0.1979989 0.006895879 2.392489e-05 9.691942e-09 6.287193e-13 0 0 0 0 0 0 0 0 0 0 0 0 0 0 0 0 0 0 0 0 0 0 0 0 0 0 0 0 0 0 0 0 0 0 0 0 0 0 0 0 0 0 0 0 0
1.024169e-39 9.381972e-35 1.031784e-29 1.065038e-24 7.742405e-20 2.884996e-15 3.955054e-11 1.444105e-07 0.0001055036 0.01245266 0.2142715 0.5463405 0.2142715 0.01245266 0.0001055036 1.444105e-07 3.955059e-11 2.88658e-15 0 0 0 0 0 0 0 0 0 0 0 0 0 0 0 0 0 0 0 0 0 0 0 0 0 0 0 0 0 0 0 0 0 0 0 0 0 0 0 0 0 0 0
6.407685e-40 2.216807e-35 9.156807e-31 3.757389e-26 1.236474e-21 2.571256e-17 2.623224e-13 1.017433e-09 1.179514e-06 0.0003325382 0.0196374 0.2260906 0.5078765 0.2260906 0.0196374 0.0003325382 1.179514e-06 1.017433e-09 2.623457e-13 0 0 0 0 0 0 0 0 0 0 0 0 0 0 0 0 0 0 0 0 0 0 0 0 0 0 0 0 0 0 0 0 0 0 0 0 0 0 0 0 0 0
4.31118e-40 6.556545e-36 1.179233e-31 2.178794e-27 3.512451e-23 4.117059e-19 2.884661e-15 9.876264e-12 1.356267e-08 6.231385e-06 0.000823071 0.0280643 0.234104 0.4740047 0.234104 0.0280643 0.000823071 6.231385e-06 1.356267e-08 9.876211e-12 2.88658e-15 0 0 0 0 0 0 0 0 0 0 0 0 0 0 0 0 0 0 0 0 0 0 0 0 0 0 0 0 0 0 0 0 0 0 0 0 0 0 0 0
3.070784e-40 2.312586e-36 2.037107e-32 1.880027e-28 1.600863e-24 1.091126e-20 5.104907e-17 1.396422e-13 1.901218e-10 1.104332e-07 2.382396e-05 0.001703548 0.03726358 0.2389855 0.4440469 0.2389855 0.03726358 0.001703548 2.382396e-05 1.104332e-07 1.901219e-10 1.396661e-13 0 0 0 0 0 0 0 0 0 0 0 0 0 0 0 0 0 0 0 0 0 0 0 0 0 0 0 0 0 0 0 0 0 0 0 0 0 0 0
2.289172e-40 9.388113e-37 4.453447e-33 2.238237e-29 1.07767e-25 4.441796e-22 1.386869e-18 2.883686e-15 3.500911e-12 2.180621e-09 6.171519e-07 7.127746e-05 0.003079064 0.04677571 0.2413613 0.4174241 0.2413613 0.04677571 0.003079064 7.127746e-05 6.171519e-07 2.180621e-09 3.500866e-12 2.88658e-15 0 0 0 0 0 0 0 0 0 0 0 0 0 0 0 0 0 0 0 0 0 0 0 0 0 0 0 0 0 0 0 0 0 0 0 0 0
1.770737e-40 4.27134e-37 1.179099e-33 3.468926e-30 1.003053e-26 2.604077e-23 5.500536e-20 8.514834e-17 8.671378e-14 5.214206e-11 1.667587e-08 2.575087e-06 0.0001764459 0.005011754 0.05620767 0.2417767 0.3936497 0.2417767 0.05620767 0.005011754 0.0001764459 2.575087e-06 1.667587e-08 5.214207e-11 8.670842e-14 1.110223e-16 0 0 0 0 0 0 0 0 0 0 0 0 0 0 0 0 0 0 0 0 0 0 0 0 0 0 0 0 0 0 0 0 0 0 0
1.411979e-40 2.134185e-37 3.655168e-34 6.689112e-31 1.224414e-27 2.082557e-24 3.037308e-21 3.486665e-18 2.881583e-15 1.566184e-12 5.120129e-10 9.246819e-08 8.534801e-06 0.0003763858 0.007512641 0.06525641 0.2406872 0.3723174 0.2406872 0.06525641 0.007512641 0.0003763858 8.534801e-06 9.246819e-08 5.120129e-10 1.566192e-12 2.88658e-15 0 0 0 0 0 0 0 0 0 0 0 0 0 0 0 0 0 0 0 0 0 0 0 0 0 0 0 0 0 0 0 0 0 0
1.154755e-40 1.152733e-37 1.292186e-34 1.548557e-31 1.87868e-28 2.171415e-25 2.237872e-22 1.915884e-19 1.265079e-16 5.971041e-14 1.866893e-11 3.59051e-09 3.961325e-07 2.353484e-05 0.0007130654 0.01054547 0.07371006 0.2384632 0.3530885 0.2384632 0.07371006 0.01054547 0.0007130654 2.353484e-05 3.961325e-07 3.59051e-09 1.866896e-11 5.973e-14 1.110223e-16 0 0 0 0 0 0 0 0 0 0 0 0 0 0 0 0 0 0 0 0 0 0 0 0 0 0 0 0 0 0 0 0
9.647055e-41 6.64739e-38 5.102151e-35 4.183233e-32 3.500778e-29 2.842876e-26 2.120023e-23 1.368492e-20 7.185373e-18 2.877874e-15 8.239552e-13 1.581478e-10 1.912931e-08 1.37638e-06 5.592789e-05 0.001227504 0.0140379 0.08143709 0.2354002 0.33568 0.2354002 0.08143709 0.0140379 0.001227504 5.592789e-05 1.37638e-06 1.912931e-08 1.581477e-10 8.240075e-13 2.88658e-15 0 0 0 0 0 0 0 0 0 0 0 0 0 0 0 0 0 0 0 0 0 0 0 0 0 0 0 0 0 0 0
8.206344e-41 4.052125e-38 2.212811e-35 1.288732e-32 7.703425e-30 4.529487e-27 2.501081e-24 1.234006e-21 5.161897e-19 1.733513e-16 4.421073e-14 8.099705e-12 1.009552e-09 8.127525e-08 4.027708e-06 0.0001176865 0.001954099 0.01789522 0.08837059 0.2317309 0.3198548 0.2317309 0.08837059 0.01789522 0.001954099 0.0001176865 4.027708e-06 8.127525e-08 1.009552e-09 8.099632e-12 4.418688e-14 2.220446e-16 0 0 0 0 0 0 0 0 0 0 0 0 0 0 0 0 0 0 0 0 0 0 0 0 0 0 0 0 0
7.089702e-41 2.590209e-38 1.039988e-35 4.44396e-33 1.956153e-30 8.555966e-28 3.575253e-25 1.368337e-22 4.587081e-20 1.28565e-17 2.872171e-15 4.873847e-13 5.989379e-11 5.089006e-09 2.861376e-07 1.022472e-05 0.0002239811 0.002916463 0.0220133 0.09449213 0.2276369 0.3054135 0.2276369 0.09449213 0.0220133 0.002916463 0.0002239811 1.022472e-05 2.861376e-07 5.089006e-09 5.989376e-11 4.873879e-13 2.88658e-15 0 0 0 0 0 0 0 0 0 0 0 0 0 0 0 0 0 0 0 0 0 0 0 0 0 0 0 0
6.207383e-41 1.72487e-38 5.238449e-36 1.689169e-33 5.623887e-31 1.874589e-28 6.049349e-26 1.823008e-23 4.937994e-21 1.155153e-18 2.239542e-16 3.450877e-14 4.052971e-12 3.482063e-10 2.1034e-08 8.606658e-07 2.305253e-05 0.0003920706 0.00412535 0.02628882 0.09981748 0.2232586 0.2921875 0.2232586 0.09981748 0.02628882 0.00412535 0.0003920706 2.305253e-05 8.606658e-07 2.1034e-08 3.482064e-10 4.05298e-12 3.452794e-14 2.220446e-16 0 0 0 0 0 0 0 0 0 0 0 0 0 0 0 0 0 0 0 0 0 0 0 0 0 0
5.498336e-41 1.190135e-38 2.802214e-36 6.987982e-34 1.801679e-31 4.676809e-29 1.187496e-26 2.859285e-24 6.317335e-22 1.237311e-19 2.072926e-17 2.864219e-15 3.146229e-13 2.649161e-11 1.65014e-09 7.349333e-08 2.266942e-06 4.7037e-05 0.0006397481 0.005578575 0.03062638 0.104385 0.2187041 0.2800336 0.2187041 0.104385 0.03062638 0.005578575 0.0006397481 4.7037e-05 2.266942e-06 7.349333e-08 1.65014e-09 2.649159e-11 3.146372e-13 2.88658e-15 0 0 0 0 0 0 0 0 0 0 0 0 0 0 0 0 0 0 0 0 0 0 0 0 0
4.919978e-41 8.470292e-39 1.579868e-36 3.113121e-34 6.346394e-32 1.308035e-29 2.658384e-27 5.186384e-25 9.440154e-23 1.555815e-20 2.250612e-18 2.767939e-16 2.802156e-14 2.260887e-12 1.408295e-10 6.566509e-09 2.225549e-07 5.334455e-06 8.819343e-05 0.0009836734 0.007262463 0.03494276 0.1082466 0.214056 0.2688296 0.214056 0.1082466 0.03494276 0.007262463 0.0009836734 8.819343e-05 5.334455e-06 2.225549e-07 6.566509e-09 1.408296e-10 2.260858e-12 2.797762e-14 3.330669e-16 0 0 0 0 0 0 0 0 0 0 0 0 0 0 0 0 0 0 0 0 0 0 0
4.441942e-41 6.194721e-39 9.328011e-37 1.480225e-34 2.430448e-32 4.047129e-30 6.68735e-28 1.071165e-25 1.622442e-23 2.263859e-21 2.831999e-19 3.088496e-17 2.853903e-15 2.171317e-13 1.322019e-11 6.264322e-10 2.24881e-08 5.962081e-07 1.14001e-05 0.0001538569 0.001437892 0.009154193 0.0391687 0.1114613 0.2093767 0.2584707 0.2093767 0.1114613 0.0391687 0.009154193 0.001437892 0.0001538569 1.14001e-05 5.962081e-07 2.24881e-08 6.264322e-10 1.32202e-11 2.171596e-13 2.88658e-15 0 0 0 0 0 0 0 0 0 0 0 0 0 0 0 0 0 0 0 0 0 0
4.04214e-41 4.640668e-39 5.7367e-37 7.455247e-35 1.002285e-32 1.369627e-30 1.866433e-28 2.485046e-26 3.163182e-24 3.762181e-22 4.082396e-20 3.943193e-18 3.305984e-16 2.345385e-14 1.372563e-12 6.461541e-11 2.387732e-09 6.764907e-08 1.437177e-06 2.242731e-05 0.0002523101 0.002012747 0.01122451 0.04324923 0.1140907 0.2047133 0.2488666 0.2047133 0.1140907 0.04324923 0.01122451 0.002012747 0.0002523101 2.242731e-05 1.437177e-06 6.764907e-08 2.387732e-09 6.461542e-11 1.372569e-12 2.342571e-14 3.330669e-16 0 0 0 0 0 0 0 0 0 0 0 0 0 0 0 0 0 0 0 0
3.704214e-41 3.55137e-39 3.658019e-37 3.951841e-35 4.414498e-33 5.020525e-31 5.716219e-29 6.399419e-27 6.910888e-25 7.055608e-23 6.668086e-21 5.707884e-19 4.327714e-17 2.841218e-15 1.578762e-13 7.258646e-12 2.700551e-10 7.956578e-09 1.818456e-07 3.161761e-06 4.107572e-05 0.0003922679 0.002714265 0.01344036 0.04714271 0.1161955 0.2001009 0.2399392 0.2001009 0.1161955 0.04714271 0.01344036 0.002714265 0.0003922679 4.107572e-05 3.161761e-06 1.818456e-07 7.956578e-09 2.700551e-10 7.258638e-12 1.578737e-13 2.88658e-15 0 0 0 0 0 0 0 0 0 0 0 0 0 0 0 0 0 0 0
3.415855e-41 2.76987e-39 2.408981e-37 2.192501e-35 2.06204e-33 1.976658e-31 1.902783e-29 1.810325e-27 1.673737e-25 1.477199e-23 1.22157e-21 9.284007e-20 6.3572e-18 3.843461e-16 2.010177e-14 8.911134e-13 3.281285e-11 9.839713e-10 2.3575e-08 4.431397e-07 6.424189e-06 7.070069e-05 0.0005822991 0.003544009 0.01576721 0.05081948 0.1178341 0.195565 0.2316206 0.195565 0.1178341 0.05081948 0.01576721 0.003544009 0.0005822991 7.070069e-05 6.424189e-06 4.431397e-07 2.3575e-08 9.839713e-10 3.281286e-11 8.91065e-13 2.009504e-14 4.440892e-16 0 0 0 0 0 0 0 0 0 0 0 0 0 0 0 0 0
3.167665e-41 2.19737e-39 1.632881e-37 1.26711e-35 1.015302e-33 8.298128e-32 6.827058e-30 5.574627e-28 4.450458e-26 3.419203e-24 2.486469e-22 1.68233e-20 1.040439e-18 5.776146e-17 2.826254e-15 1.196564e-13 4.303802e-12 1.291572e-10 3.177549e-09 6.301039e-08 9.910133e-07 1.217688e-05 0.0001152755 0.0008302654 0.004499312 0.01817093 0.05426009 0.1190609 0.1911242 0.2238515 0.1911242 0.1190609 0.05426009 0.01817093 0.004499312 0.0008302654 0.0001152755 1.217688e-05 9.910133e-07 6.301039e-08 3.177549e-09 1.291572e-10 4.30378e-12 1.19682e-13 2.775558e-15 1.110223e-16 0 0 0 0 0 0 0 0 0 0 0 0 0 0 0
2.952371e-41 1.770012e-39 1.135893e-37 7.596801e-36 5.2418e-34 3.690924e-32 2.621051e-30 1.853645e-28 1.288175e-26 8.673425e-25 5.575158e-23 3.369029e-21 1.883868e-19 9.590576e-18 4.372423e-16 1.755732e-14 6.107028e-13 1.810006e-11 4.497644e-10 9.224077e-09 1.537952e-07 2.055093e-06 2.171601e-05 0.0001792427 0.001142844 0.005573793 0.02061915 0.05745356 0.1199262 0.1867913 0.21658 0.1867913 0.1199262 0.05745356 0.02061915 0.005573793 0.001142844 0.0001792427 2.171601e-05 2.055093e-06 1.537952e-07 9.224077e-09 4.497643e-10 1.810008e-11 6.107337e-13 1.754152e-14 4.440892e-16 0 0 0 0 0 0 0 0 0 0 0 0 0 0
2.764277e-41 1.445526e-39 8.088639e-38 4.707915e-36 2.82457e-34 1.729751e-32 1.069883e-30 6.608583e-29 4.028082e-27 2.392331e-25 1.36626e-23 7.40044e-22 3.748162e-20 1.749351e-18 7.412666e-17 2.809159e-15 9.37829e-14 2.716976e-12 6.73001e-11 1.40478e-09 2.436453e-08 3.464318e-07 3.987075e-06 3.670317e-05 0.0002673125 0.00152517 0.006758029 0.02308224 0.06039574 0.1204754 0.1825749 0.2097603 0.1825749 0.1204754 0.06039574 0.02308224 0.006758029 0.00152517 0.0002673125 3.670317e-05 3.987075e-06 3.464318e-07 2.436453e-08 1.40478e-09 6.730005e-11 2.716938e-12 9.381385e-14 2.775558e-15 1.110223e-16 0 0 0 0 0 0 0 0 0 0 0 0
2.598874e-41 1.195315e-39 5.88305e-38 3.006379e-36 1.582189e-34 8.499789e-33 4.617088e-31 2.510353e-29 1.351564e-27 7.124412e-26 3.633393e-24 1.770741e-22 8.141772e-21 3.485705e-19 1.370992e-17 4.886884e-16 1.557113e-14 4.374594e-13 1.068984e-11 2.241829e-10 3.982525e-09 5.917812e-08 7.267352e-07 7.29224e-06 5.915745e-05 0.0003842323 0.001980627 0.008040305 0.02553386 0.0630878 0.1207495 0.1784803 0.2033522 0.1784803 0.1207495 0.0630878 0.02553386 0.008040305 0.001980627 0.0003842323 5.915745e-05 7.29224e-06 7.267352e-07 5.917812e-08 3.982525e-09 2.241828e-10 1.068989e-11 4.374279e-13 1.554312e-14 5.551115e-16 0 0 0 0 0 0 0 0 0 0 0
2.452552e-41 9.996437e-40 4.361846e-38 1.972778e-36 9.180333e-35 4.360565e-33 2.096087e-31 1.010387e-29 4.83692e-28 2.276231e-26 1.041792e-24 4.585851e-23 1.919189e-21 7.5459e-20 2.753701e-18 9.212191e-17 2.79012e-15 7.5553e-14 1.806445e-12 3.766854e-11 6.767886e-10 1.035457e-08 1.333792e-07 1.430945e-06 1.265635e-05 9.141626e-05 0.0005345523 0.00251076 0.009407348 0.02795119 0.06553499 0.1207853 0.1745103 0.1973198 0.1745103 0.1207853 0.06553499 0.02795119 0.009407348 0.00251076 0.0005345523 9.141626e-05 1.265635e-05 1.430945e-06 1.333792e-07 1.035457e-08 6.767885e-10 3.766853e-11 1.806444e-12 7.560619e-14 2.775558e-15 1.110223e-16 0 0 0 0 0 0 0 0 0
2.322397e-41 8.446455e-40 3.291029e-38 1.327016e-36 5.500379e-35 2.326687e-33 9.966494e-32 4.28761e-30 1.836334e-28 7.757862e-27 3.201733e-25 1.277915e-23 4.881513e-22 1.765488e-20 5.979149e-19 1.874969e-17 5.382487e-16 1.398388e-14 3.250507e-13 6.683601e-12 1.202081e-10 1.870489e-09 2.491448e-08 2.811775e-07 2.662645e-06 2.096385e-05 0.0001360681 0.0007224091 0.003115324 0.01084501 0.03031503 0.06774553 0.1206152 0.1706658 0.1916315 0.1706658 0.1206152 0.06774553 0.03031503 0.01084501 0.003115324 0.0007224091 0.0001360681 2.096385e-05 2.662645e-06 2.811775e-07 2.491448e-08 1.870489e-09 1.202082e-10 6.683543e-12 3.250733e-13 1.398881e-14 5.551115e-16 0 0 0 0 0 0 0 0
2.206034e-41 7.204118e-40 2.523051e-38 9.130672e-37 3.39357e-35 1.286857e-33 4.943829e-32 1.909847e-30 7.360141e-29 2.806027e-27 1.049078e-25 3.811216e-24 1.33273e-22 4.442179e-21 1.397224e-19 4.104905e-18 1.114788e-16 2.769345e-15 6.227129e-14 1.254209e-12 2.239306e-11 3.50821e-10 4.774857e-09 5.591798e-08 5.582687e-07 4.71e-06 3.330427e-05 0.0001958635 0.0009513448 0.003792411 0.01233883 0.03260958 0.06972972 0.120268 0.1669462 0.1862588 0.1669462 0.120268 0.06972972 0.03260958 0.01233883 0.003792411 0.0009513448 0.0001958635 3.330427e-05 4.71e-06 5.582687e-07 5.591798e-08 4.774857e-09 3.508209e-10 2.239309e-11 1.254219e-12 6.228351e-14 2.775558e-15 1.110223e-16 0 0 0 0 0 0
2.101512e-41 6.197534e-40 1.962759e-38 6.413996e-37 2.150705e-35 7.355589e-34 2.549485e-32 8.894503e-31 3.100905e-29 1.072136e-27 3.647074e-26 1.210498e-24 3.886539e-23 1.196398e-21 3.498883e-20 9.63084e-19 2.471448e-17 5.856204e-16 1.268992e-14 2.490468e-13 4.384395e-12 6.858432e-11 9.444647e-10 1.134642e-08 1.178815e-07 1.050286e-06 7.96151e-06 5.096494e-05 0.0002736118 0.001224171 0.004538656 0.01387457 0.0348223 0.07149926 0.1197691 0.16335 0.1811766 0.16335 0.1197691 0.07149926 0.0348223 0.01387457 0.004538656 0.001224171 0.0002736118 5.096494e-05 7.96151e-06 1.050286e-06 1.178815e-07 1.134642e-08 9.444647e-10 6.858436e-11 4.384382e-12 2.49023e-13 1.265654e-14 6.661338e-16 0 0 0 0 0
2.007217e-41 5.373798e-40 1.547505e-38 4.592136e-37 1.397045e-35 4.33348e-34 1.362542e-32 4.315644e-31 1.367931e-29 4.309185e-28 1.339321e-26 4.076093e-25 1.2052e-23 3.434017e-22 9.350753e-21 2.412566e-19 5.846818e-18 1.319277e-16 2.747048e-15 5.231633e-14 9.032082e-13 1.401169e-11 1.936314e-10 2.363494e-09 2.527222e-08 2.348486e-07 1.882287e-06 1.291843e-05 7.541003e-05 0.0003720742 0.00154288 0.005349471 0.01543853 0.03694351 0.07306666 0.1191408 0.1598746 0.176362 0.1598746 0.1191408 0.07306666 0.03694351 0.01543853 0.005349471 0.00154288 0.0003720742 7.541003e-05 1.291843e-05 1.882287e-06 2.348486e-07 2.527222e-08 2.363494e-09 1.936313e-10 1.401168e-11 9.032775e-13 5.22915e-14 2.775558e-15 1.110223e-16 0 0 0
1.921805e-41 4.693465e-40 1.235251e-38 3.345802e-37 9.283075e-36 2.625108e-34 7.525527e-33 2.174642e-31 6.296303e-30 1.815015e-28 5.174761e-27 1.449144e-25 3.957526e-24 1.04617e-22 2.656607e-21 6.429815e-20 1.471456e-18 3.158297e-17 6.30607e-16 1.161689e-14 1.958268e-13 2.996059e-12 4.126767e-11 5.076876e-10 5.53525e-09 5.308376e-08 4.445519e-07 3.228609e-06 2.020225e-05 0.000108247 0.0004938596 0.001908611 0.006219307 0.01701786 0.03896615 0.07444482 0.1184027 0.1565172 0.1717946 0.1565172 0.1184027 0.07444482 0.03896615 0.01701786 0.006219307 0.001908611 0.0004938596 0.000108247 2.020225e-05 3.228609e-06 4.445519e-07 5.308376e-08 5.53525e-09 5.076876e-10 4.126766e-11 2.996159e-12 1.957323e-13 1.165734e-14 6.661338e-16 0 0
1.844147e-41 4.126766e-40 9.972834e-39 2.477383e-37 6.298834e-36 1.631601e-34 4.284669e-33 1.134755e-31 3.014207e-30 7.983834e-29 2.095941e-27 5.419069e-26 1.370853e-24 3.369946e-23 7.994242e-22 1.816907e-20 3.927375e-19 8.013942e-18 1.532094e-16 2.723438e-15 4.467159e-14 6.710044e-13 9.160588e-12 1.12822e-10 1.244419e-09 1.220543e-08 1.057215e-07 8.033859e-07 5.322277e-06 3.055602e-05 0.0001511833 0.0006413317 0.002321644 0.007141905 0.01860075 0.04088539 0.07564668 0.117572 0.1532743 0.1674561 0.1532743 0.117572 0.07564668 0.04088539 0.01860075 0.007141905 0.002321644 0.0006413317 0.0001511833 3.055602e-05 5.322277e-06 8.033859e-07 1.057215e-07 1.220543e-08 1.244419e-09 1.12822e-10 9.160561e-12 6.710188e-13 4.463097e-14 2.775558e-15 1.110223e-16
1.77329e-41 3.650977e-40 8.136661e-39 1.86192e-37 4.357391e-36 1.038475e-34 2.509013e-33 6.115943e-32 1.496504e-30 3.65623e-29 8.86971e-28 2.124129e-26 4.991436e-25 1.143747e-23 2.539209e-22 5.42577e-21 1.108372e-19 2.149736e-18 3.931276e-17 6.730953e-16 1.071385e-14 1.574246e-13 2.120334e-12 2.599675e-11 2.88165e-10 2.868522e-09 2.547631e-08 2.006033e-07 1.391988e-06 8.463069e-06 4.483903e-05 0.0002059758 0.0008165314 0.002781452 0.008110537 0.02017652 0.04269833 0.07668498 0.1166635 0.1501424 0.1633297 0.1501424 0.1166635 0.07668498 0.04269833 0.02017652 0.008110537 0.002781452 0.0008165314 0.0002059758 4.483903e-05 8.463069e-06 1.391988e-06 2.006033e-07 2.547631e-08 2.868522e-09 2.881649e-10 2.599676e-11 2.120304e-12 1.574296e-13 1.14353e-14
1.708427e-41 3.248572e-40 6.703473e-39 1.41881e-37 3.068811e-36 6.756677e-35 1.507998e-33 3.396673e-32 7.685409e-31 1.738254e-29 3.909901e-28 8.699667e-27 1.904198e-25 4.0766e-24 8.485692e-23 1.707013e-21 3.297937e-20 6.080627e-19 1.06306e-17 1.750825e-16 2.698717e-15 3.867667e-14 5.120029e-13 6.220166e-12 6.890437e-11 6.916142e-10 6.251345e-09 5.057924e-08 3.642073e-07 2.321109e-06 1.302342e-05 6.401481e-05 0.0002743783 0.001021117 0.003286756 0.009118226 0.0217357 0.04440367 0.07757212 0.1156904 0.1471177 0.1594004 0.1471177 0.1156904 0.07757212 0.04440367 0.0217357 0.009118226 0.003286756 0.001021117 0.0002743783 6.401481e-05 1.302342e-05 2.321109e-06 3.642073e-07 5.057925e-08 6.251345e-09 6.916142e-10 6.890444e-11 6.220136e-12 5.535572e-13
1.648867e-41 2.905897e-40 5.572806e-39 1.095089e-37 2.197504e-36 4.486822e-35 9.285444e-34 1.939766e-32 4.072973e-31 8.557122e-30 1.790382e-28 3.712156e-27 7.588332e-26 1.521268e-24 2.974618e-23 5.64137e-22 1.031737e-20 1.808996e-19 3.022745e-18 4.784542e-17 7.130368e-16 9.944037e-15 1.289851e-13 1.546683e-12 1.704239e-11 1.715328e-10 1.567903e-09 1.294129e-08 9.592397e-08 6.351259e-07 3.73738e-06 1.945146e-05 8.913326e-05 0.0003580875 0.001256327 0.003835622 0.01015793 0.02327002 0.04600147 0.07831996 0.1146641 0.1441962 0.1556545 0.1441962 0.1146641 0.07831996 0.04600147 0.02327002 0.01015793 0.003835622 0.001256327 0.0003580875 8.913326e-05 1.945146e-05 3.73738e-06 6.351259e-07 9.592397e-08 1.294129e-08 1.567903e-09 1.715328e-10 1.87288e-11
1.594019e-41 2.61222e-40 4.671876e-39 8.553495e-38 1.598072e-36 3.036616e-35 5.847553e-34 1.13687e-32 2.222666e-31 4.351632e-30 8.494732e-29 1.645854e-27 3.150107e-26 5.92689e-25 1.090698e-23 1.95301e-22 3.384681e-21 5.646598e-20 9.01806e-19 1.371088e-17 1.973276e-16 2.673073e-15 3.388904e-14 3.998192e-13 4.364861e-12 4.384831e-11 4.03109e-10 3.373182e-09 2.555797e-08 1.744517e-07 1.067487e-06 5.828527e-06 2.827078e-05 0.0001213077 0.0004586943 0.001522957 0.004425553 0.01122271 0.02477239 0.04749288 0.0789398 0.1135944 0.1413742 0.1520795 0.1413742 0.1135944 0.0789398 0.04749288 0.02477239 0.01122271 0.004425553 0.001522957 0.0004586943 0.0001213077 2.827078e-05 5.828527e-06 1.067487e-06 1.744517e-07 2.555797e-08 3.373182e-09 4.517587e-10
1.543373e-41 2.35903e-40 3.947307e-39 6.755387e-38 1.178985e-36 2.091798e-35 3.760517e-34 6.826119e-33 1.246523e-31 2.281129e-30 4.166482e-29 7.563658e-28 1.358748e-26 2.404504e-25 4.172186e-24 7.064268e-23 1.161442e-21 1.844884e-20 2.816804e-19 4.11246e-18 5.711107e-17 7.504322e-16 9.280364e-15 1.074413e-13 1.158324e-12 1.156804e-11 1.064655e-10 8.983864e-10 6.916061e-09 4.833819e-08 3.052964e-07 1.734584e-06 8.827595e-06 4.007671e-05 0.0001616888 0.000577639 0.001821358 0.005053592 0.01230584 0.02623681 0.04887992 0.07944233 0.11249 0.1386478 0.1486641 0.1386478 0.11249 0.07944233 0.04887992 0.02623681 0.01230584 0.005053592 0.001821358 0.000577639 0.0001616888 4.007671e-05 8.827595e-06 1.734584e-06 3.052964e-07 4.833819e-08 7.933757e-09
1.496487e-41 2.139523e-40 3.359495e-39 5.390696e-38 8.815448e-37 1.464915e-35 2.46612e-34 4.192185e-33 7.171475e-32 1.230166e-30 2.108049e-29 3.594732e-28 6.075228e-27 1.013323e-25 1.660896e-24 2.663255e-23 4.158862e-22 6.295052e-21 9.192207e-20 1.288652e-18 1.725918e-17 2.197494e-16 2.646677e-15 3.000397e-14 3.185694e-13 3.152337e-12 2.892956e-11 2.450412e-10 1.90665e-09 1.356541e-08 8.785713e-08 5.157294e-07 2.732505e-06 1.301581e-05 5.552915e-05 0.0002114359 0.0007161753 0.002151452 0.005716431 0.01340091 0.02765836 0.0501653 0.07983756 0.1113584 0.1360131 0.1453979 0.1360131 0.1113584 0.07983756 0.0501653 0.02765836 0.01340091 0.005716431 0.002151452 0.0007161753 0.0002114359 5.552915e-05 1.301581e-05 2.732505e-06 5.157294e-07 1.036067e-07
1.452978e-41 1.94822e-40 2.878738e-39 4.343417e-38 6.674538e-37 1.041832e-35 1.647093e-34 2.629499e-33 4.225556e-32 6.812507e-31 1.098079e-29 1.763159e-28 2.80963e-27 4.426046e-26 6.865105e-25 1.044112e-23 1.550502e-22 2.2384e-21 3.127663e-20 4.210789e-19 5.437337e-18 6.703257e-17 7.853189e-16 8.702488e-15 9.079352e-14 8.87697e-13 8.096045e-12 6.856496e-11 5.367929e-10 3.867939e-09 2.554239e-08 1.539389e-07 8.433332e-07 4.183544e-06 1.872375e-05 7.534237e-05 0.0002716889 0.0008753418 0.002512752 0.006410505 0.01450194 0.02903306 0.05135225 0.08013486 0.1102061 0.1334666 0.1422713 0.1334666 0.1102061 0.08013486 0.05135225 0.02903306 0.01450194 0.006410505 0.002512752 0.0008753418 0.0002716889 7.534237e-05 1.872375e-05 4.183544e-06 1.027297e-06
1.412511e-41 1.780675e-40 2.482531e-39 3.531341e-38 5.113142e-37 7.516993e-36 1.119053e-34 1.682236e-33 2.546071e-32 3.867746e-31 5.878223e-30 8.907862e-29 1.34129e-27 1.999507e-26 2.940028e-25 4.247551e-24 6.005782e-23 8.277315e-22 1.107406e-20 1.432186e-19 1.782862e-18 2.127114e-17 2.421771e-16 2.619687e-15 2.680656e-14 2.583528e-13 2.33497e-12 1.970506e-11 1.546178e-10 1.123351e-09 7.526142e-09 4.631313e-08 2.607579e-07 1.338318e-06 6.23914e-06 2.633068e-05 0.0001002723 0.00034354 0.001055942 0.002904401 0.007132084 0.01560335 0.0303578 0.05244439 0.08034293 0.1090387 0.1310045 0.1392757 0.1310045 0.1090387 0.08034293 0.05244439 0.0303578 0.01560335 0.007132084 0.002904401 0.001055942 0.00034354 0.0001002723 2.633068e-05 7.893356e-06
1.374791e-41 1.633258e-40 2.153661e-39 2.895489e-38 3.960254e-37 5.497406e-36 7.725831e-35 1.096343e-33 1.56663e-32 2.247774e-31 3.228482e-30 4.627461e-29 6.597403e-28 9.324514e-27 1.301943e-25 1.789431e-24 2.412114e-23 3.176911e-22 4.072548e-21 5.061512e-20 6.074631e-19 7.011909e-18 7.752897e-17 8.177614e-16 8.194864e-15 7.770116e-14 6.942372e-13 5.821293e-12 4.562653e-11 3.329524e-10 2.253334e-09 1.408959e-08 8.109518e-08 4.281169e-07 2.065875e-06 9.082136e-06 3.6262e-05 0.0001311018 0.000428009 0.001258536 0.003325209 0.007877357 0.01670006 0.03163025 0.05344561 0.08046987 0.1078612 0.1286234 0.136403 0.1286234 0.1078612 0.08046987 0.05344561 0.03163025 0.01670006 0.007877357 0.003325209 0.001258536 0.000428009 0.0001311018 4.793595e-05
1.339561e-41 1.502984e-40 1.878842e-39 2.393045e-38 3.099075e-37 4.071706e-36 5.414687e-35 7.270412e-34 9.831439e-33 1.335301e-31 1.81646e-30 2.467676e-29 3.33771e-28 4.480672e-27 5.950638e-26 7.792181e-25 1.002628e-23 1.263222e-22 1.552811e-21 1.855529e-20 2.147394e-19 2.397807e-18 2.573483e-17 2.644639e-16 2.592242e-15 2.414194e-14 2.128054e-13 1.76865e-12 1.380697e-11 1.008603e-10 6.869139e-10 4.345801e-09 2.544989e-08 1.374856e-07 6.828714e-07 3.108436e-06 1.292817e-05 4.898475e-05 0.0001686248 0.00052602 0.001483433 0.003773701 0.008642501 0.01778748 0.03284878 0.05435997 0.08052315 0.1066777 0.1263199 0.1336459 0.1263199 0.1066777 0.08052315 0.05435997 0.03284878 0.01778748 0.008642501 0.003773701 0.001483433 0.00052602 0.0002344971
1.306593e-41 1.387385e-40 1.647731e-39 1.99259e-38 2.448747e-37 3.051877e-36 3.84894e-35 4.900843e-34 6.2851e-33 8.097916e-32 1.045478e-30 1.348812e-29 1.734016e-28 2.214859e-27 2.802304e-26 3.501113e-25 4.305533e-24 5.194592e-23 6.128043e-22 7.044523e-21 7.863739e-20 8.494176e-19 8.84662e-18 8.851832e-17 8.478428e-16 7.745438e-15 6.724302e-14 5.527725e-13 4.287271e-12 3.126104e-11 2.135438e-10 1.361855e-09 8.080995e-09 4.446887e-08 2.262106e-07 1.060453e-06 4.567712e-06 1.802605e-05 6.500157e-05 0.0002136302 0.0006383835 0.001730699 0.004248165 0.009423747 0.01886151 0.03401236 0.05519163 0.08050966 0.1054918 0.1240908 0.1309975 0.1240908 0.1054918 0.08050966 0.05519163 0.03401236 0.01886151 0.009423747 0.004248165 0.001730699 0.0009409499
1.275685e-41 1.284411e-40 1.452213e-39 1.670825e-38 1.95258e-37 2.313251e-36 2.772588e-35 3.354777e-34 4.088655e-33 5.007416e-32 6.147484e-31 7.546108e-30 9.237195e-29 1.124496e-27 1.357521e-26 1.620466e-25 1.906935e-24 2.205467e-23 2.499018e-22 2.765352e-21 2.978705e-20 3.112885e-19 3.145589e-18 3.063196e-17 2.864849e-16 2.564467e-15 2.18964e-14 1.777229e-13 1.366565e-12 9.921242e-12 6.777974e-11 4.34312e-10 2.601762e-09 1.452525e-08 7.534117e-08 3.619894e-07 1.606429e-06 6.566383e-06 2.465707e-05 8.484319e-05 0.0002668856 0.0007657816 0.002000165 0.004746694 0.01021743 0.01991851 0.03512047 0.05594478 0.08043576 0.1043067 0.121933 0.1284515 0.121933 0.1043067 0.08043576 0.05594478 0.03512047 0.01991851 0.01021743 0.004746694 0.00315096
1.246659e-41 1.192344e-40 1.285872e-39 1.410303e-38 1.570353e-37 1.771989e-36 2.022417e-35 2.329976e-34 2.703875e-33 3.153684e-32 3.688483e-31 4.315558e-30 5.038586e-29 5.855283e-28 6.75466e-27 7.714176e-26 8.697356e-25 9.652659e-24 1.051454e-22 1.120759e-21 1.165426e-20 1.17858e-19 1.155494e-18 1.094786e-17 9.991989e-17 8.756596e-16 7.344728e-15 5.877189e-14 4.472164e-13 3.225736e-12 2.19849e-11 1.411377e-10 8.508331e-10 4.801904e-09 2.529681e-08 1.24037e-07 5.644923e-07 2.378033e-06 9.24932e-06 3.313322e-05 0.0001090598 0.0003291223 0.0009087573 0.002291444 0.005267238 0.01102001 0.02095534 0.03617306 0.05662359 0.08030729 0.103125 0.1198434 0.1260023 0.1198434 0.103125 0.08030729 0.05662359 0.03617306 0.02095534 0.01102001 0.008951102
1.219353e-41 1.109744e-40 1.143597e-39 1.197841e-38 1.273199e-37 1.370945e-36 1.492752e-35 1.640502e-34 1.816048e-33 2.020878e-32 2.255684e-31 2.519812e-30 2.810606e-29 3.122688e-28 3.447265e-27 3.771609e-26 4.07889e-25 4.348592e-24 4.557719e-23 4.682894e-22 4.703293e-21 4.604084e-20 4.379788e-19 4.03675e-18 3.593919e-17 3.081362e-16 2.536472e-15 1.998498e-14 1.502586e-13 1.074776e-12 7.291725e-12 4.678214e-11 2.830016e-10 1.60953e-09 8.581812e-09 4.277852e-08 1.988245e-07 8.593685e-07 3.445587e-06 1.278425e-05 4.379431e-05 0.0001382118 0.0004010212 0.001067709 0.002603947 0.005807639 0.01182816 0.02196927 0.03717047 0.05723217 0.08012962 0.1019492 0.1178193 0.1236443 0.1178193 0.1019492 0.08012962 0.05723217 0.03717047 0.02196927 0.02190782
1.193626e-41 1.035392e-40 1.021292e-39 1.023386e-38 1.040182e-37 1.070676e-36 1.114164e-35 1.170063e-34 1.23774e-33 1.31633e-32 1.404546e-31 1.500474e-30 1.601378e-29 1.703538e-28 1.802142e-27 1.891309e-26 1.964262e-25 2.013724e-24 2.032534e-23 2.014481e-22 1.955257e-21 1.853397e-20 1.710992e-19 1.533976e-18 1.331817e-17 1.116558e-16 9.01316e-16 6.985188e-15 5.182391e-14 3.670141e-13 2.473957e-12 1.582796e-11 9.58434e-11 5.477748e-10 2.946892e-09 1.488309e-08 7.0382e-08 3.108674e-07 1.279307e-06 4.893734e-06 1.73618e-05 5.700421e-05 0.00017286 0.0004832011 0.001242888 0.002936905 0.006365679 0.01263871 0.02295801 0.03811334 0.05777455 0.07990765 0.100781 0.115858 0.1213726 0.115858 0.100781 0.07990765 0.05777455 0.03811334 0.04687919
1.16935e-41 9.68256e-41 9.156501e-40 8.792112e-39 8.55961e-38 8.436278e-37 8.404067e-36 8.447764e-35 8.553546e-34 8.707794e-33 8.896114e-32 9.102553e-31 9.309057e-30 9.495241e-29 9.638566e-28 9.715042e-27 9.700519e-26 9.572587e-25 9.312993e-24 8.910324e-23 8.362564e-22 7.679019e-21 6.881036e-20 6.001098e-19 5.080084e-18 4.162933e-17 3.293322e-16 2.508354e-15 1.834322e-14 1.284424e-13 8.588282e-13 5.468845e-12 3.307608e-11 1.895021e-10 1.025806e-09 5.233099e-09 2.509633e-08 1.128658e-07 4.748859e-07 1.865088e-06 6.822421e-06 2.319491e-05 7.314624e-05 0.0002135563 0.0005762081 0.001434399 0.00328939 0.006939107 0.01344872 0.02391964 0.03900259 0.05825462 0.0796459 0.09962225 0.1139567 0.1191825 0.1139567 0.09962225 0.0796459 0.05825462 0.08892925
1.146411e-41 9.074547e-41 8.239873e-40 7.593295e-39 7.091883e-38 6.703328e-37 6.402682e-36 6.170062e-35 5.989019e-34 5.845369e-33 5.726371e-32 5.620168e-31 5.515475e-30 5.401484e-29 5.267987e-28 5.105701e-27 4.906788e-26 4.665494e-25 4.378853e-24 4.047321e-23 3.675204e-22 3.270735e-21 2.845682e-20 2.414443e-19 1.99268e-18 1.595652e-17 1.236521e-16 9.249208e-16 6.660738e-15 4.606062e-14 3.050736e-13 1.930326e-12 1.163858e-11 6.669865e-11 3.6241e-10 1.862456e-09 9.030916e-09 4.1221e-08 1.767071e-07 7.098659e-07 2.666587e-06 9.347568e-06 3.051755e-05 9.261789e-05 0.0002608339 0.0006805079 0.001642204 0.003660343 0.007525677 0.01425549 0.02485259 0.03983935 0.05867617 0.07934848 0.09847426 0.1121131 0.1170698 0.1121131 0.09847426 0.07934848 0.1515292
1.124705e-41 8.52235e-41 7.44111e-40 6.590672e-39 5.913912e-38 5.368878e-37 4.924216e-36 4.556041e-35 4.245787e-34 3.978719e-33 3.742903e-32 3.528514e-31 3.327388e-30 3.132754e-29 2.939121e-28 2.74226e-27 2.539259e-26 2.328608e-25 2.110273e-24 1.885709e-23 1.657778e-22 1.430532e-21 1.208861e-20 9.980132e-20 8.030427e-19 6.282529e-18 4.767239e-17 3.50004e-16 2.480198e-15 1.692151e-14 1.108831e-13 6.961506e-13 4.17731e-12 2.39001e-11 1.300704e-10 6.717587e-10 3.284754e-09 1.51728e-08 6.606084e-08 2.70524e-07 1.039795e-06 3.74367e-06 1.260137e-05 3.958284e-05 0.0001158251 0.0003151988 0.00079648 0.001866133 0.004048592 0.008123171 0.01505652 0.02575563 0.04062494 0.05904282 0.07901916 0.09733823 0.1103248 0.1150304 0.1103248 0.09733823 0.2348218
1.104138e-41 8.019498e-41 6.742207e-40 5.747502e-39 4.961897e-38 4.332615e-37 3.821214e-36 3.399298e-35 3.045613e-34 2.744048e-33 2.482259e-32 2.250725e-31 2.042078e-30 1.850662e-29 1.672214e-28 1.503653e-27 1.34293e-26 1.1889e-25 1.041211e-24 9.001797e-24 7.666444e-23 6.417902e-22 5.26952e-21 4.234075e-20 3.321803e-19 2.53878e-18 1.885869e-17 1.358397e-16 9.465847e-16 6.366433e-15 4.1231e-14 2.565262e-13 1.529727e-12 8.72313e-12 4.745892e-11 2.457957e-10 1.20915e-09 5.637568e-09 2.485907e-08 1.034565e-07 4.05541e-07 1.4944e-06 5.16696e-06 1.673222e-05 5.066063e-05 0.0001431765 0.0003771219 0.0009244138 0.002105886 0.004452879 0.008729422 0.01584957 0.02662781 0.0413608 0.05935803 0.07866138 0.09621514 0.1085894 0.1130607 0.1085894 0.3348802
1.084628e-41 7.560408e-41 6.128299e-40 5.034704e-39 4.187398e-38 3.52146e-37 2.990583e-36 2.561325e-35 2.209251e-34 1.916317e-33 1.669081e-32 1.457459e-31 1.273857e-30 1.112561e-29 9.692945e-29 8.408993e-28 7.250941e-27 6.20286e-26 5.254142e-25 4.398152e-24 3.630998e-23 2.950403e-22 2.354689e-21 1.8419e-20 1.409129e-19 1.05208e-18 7.649139e-18 5.40366e-17 3.700972e-16 2.452076e-15 1.56812e-14 9.658055e-14 5.716194e-13 3.24398e-12 1.761401e-11 9.130871e-11 4.509392e-10 2.117229e-09 9.431302e-09 3.977944e-08 1.58555e-07 5.960889e-07 2.109861e-06 7.018409e-06 2.190419e-05 6.403453e-05 0.000175077 0.0004470321 0.001064507 0.002361048 0.004871877 0.009342335 0.01663259 0.02746846 0.0420485 0.05962514 0.07827829 0.0951058 0.106905 0.111157 0.4444215
1.066096e-41 7.140248e-41 5.587051e-40 4.429108e-39 3.553344e-38 2.881675e-37 2.359473e-36 1.948047e-35 1.619669e-34 1.354254e-33 1.13711e-32 9.573954e-32 8.070538e-31 6.800631e-30 5.719038e-29 4.79175e-28 3.993122e-27 3.30376e-26 2.708902e-25 2.197153e-24 1.759488e-23 1.388455e-22 1.077565e-21 8.208325e-21 6.124718e-20 4.467342e-19 3.178674e-18 2.201769e-17 1.481549e-16 9.664177e-16 6.098211e-15 3.71461e-14 2.179635e-13 1.229432e-12 6.65231e-12 3.44582e-11 1.705221e-10 8.045714e-10 3.61233e-09 1.540312e-08 6.22598e-08 2.381136e-07 8.601252e-07 2.929469e-06 9.391662e-06 2.829619e-05 7.999862e-05 0.0002119223 0.0005253104 0.001216866 0.002631102 0.005304215 0.009959902 0.01740379 0.02827713 0.04268967 0.05984729 0.07787275 0.09401087 0.1052693 0.5546581

Variable estimate SD
SDPar 0.0606320193710286 0.000607822519555304
Slope -0.0189746489567192 7.00245236310454
Probs -3.41009091183792 3.67208866767484
Probs -2.71693277177323 3.60336910608849
Probs -1.10582533104745 3.54742445244564
Probs -0.309694222897946 3.53973504273553
Probs 0.334379581112535 3.5367904943382
Probs 0.822097158518051 3.53557964602527
Probs 1.35874063585858 3.53472755399995
Probs 1.78134371568678 3.53439578867015
Probs 2.34299942665364 3.53401469807308
Probs 2.79514577617096 3.53379829336876
Probs 3.0067305193835 3.53367560383935
Probs 2.96128412055869 3.5342405761035
Probs 3.20400285812787 3.53328302359059
Probs 2.5355462193037 3.53733664311608
Probs 2.87912239475193 3.53227762727432
Probs 2.52423733533098 3.54308162177488
Probs 2.3363426045488 3.52378631043848
Probs 1.67365050943826 3.61788173840397
Probs 2.37092776426558 3.48918335560676
Probs 0.65056709135541 4.41124004557359
Probs 2.27756722317269 3.37944164348169
Probs 0.312451783703451 6.07470758351983
Probs 1.63540556302082 2.87590760485566
Probs 1.5243458392686 4.47593805152429
Probs 1.47095818782124 3.88535478207023
Probs -9.66575785658125 153.970108277174
Probs -9.39743046988047 148.504877581053
Probs 0.901848235819153 3.38046356983153
Probs 0.666411458386634 3.78198486897994
Probs -7.64138977187972 153.670134741151
Probs -0.586082772038192 3.66187721155327
Probs -0.0403622078053223 3.69217826621524
Probs -8.25122224825683 252.369041101927
Probs -8.02210177513428 NaN
Probs -6.38506552277472 NaN
Probs -1.49461267863983 3.55706139851643
Probs -10.5444154971732 379.922100494466
Probs -1.37967726923266 3.59138264684993
Probs -10.2966679312977 268.577996449254
Probs -11.2183920705893 150.816515624183
Probs -11.9480626407041 129.64957826504
Probs -12.6162096939889 134.802288524152
Probs -12.9881138321102 137.695598188261
Probs -13.1668976323568 138.14257062115
Probs -13.2486267234527 138.096147178084
Probs -13.2830297239539 138.02790256169
Probs -13.2961116348478 137.994999634871
Probs -16.5061642853505 200.076801028314
